<?xml version="1.0" encoding="UTF-8"?>
<TestRun id="c2d0e0c2-6fe7-44ca-82d6-d46a4a7e5804" name="yami@YAMILEX 2015-10-24 04:10:40" runUser="YAMILEX\yami" xmlns="http://microsoft.com/schemas/VisualStudio/TeamTest/2010">
  <TestSettings name="Local" id="607f8b6c-2431-4eb3-8939-f252dd3f80db">
    <Description>Esta es la configuración de pruebas predeterminada para una ejecución de pruebas local.</Description>
    <Deployment enabled="false" runDeploymentRoot="yami_YAMILEX 2015-10-24 04_10_40">
      <DeploymentItem filename="E:\TMC\TMC\bin\Debug\TMC.exe" />
      <DeploymentItem filename="E:\TMC\TMC\bin\Debug\Antlr3.Runtime.dll" />
      <DeploymentItem filename="E:\ACINOX Components\ACINOX Components\bin\Debug\ACINOX.dll" />
      <DeploymentItem filename="E:\TMC\TMC\bin\Debug\NCalc.dll" />
    </Deployment>
    <Execution>
      <TestTypeSpecific />
      <AgentRule name="Execution Agents">
      </AgentRule>
    </Execution>
  </TestSettings>
  <Times creation="2015-10-24T04:10:40.7489523-03:00" queuing="2015-10-24T04:10:43.4231053-03:00" start="2015-10-24T04:10:43.6271169-03:00" finish="2015-10-24T04:11:29.4457376-03:00" />
  <ResultSummary outcome="Error">
    <Counters total="25" executed="2" passed="1" error="0" failed="0" timeout="0" aborted="1" inconclusive="0" passedButRunAborted="0" notRunnable="1" notExecuted="22" disconnected="0" warning="0" completed="0" inProgress="0" pending="0" />
    <RunInfos>
      <RunInfo computerName="YAMILEX" outcome="Error" timestamp="2015-10-24T04:11:29.1867228-03:00">
        <Text>El proceso del host de pruebas terminó inesperadamente.</Text>
      </RunInfo>
    </RunInfos>
  </ResultSummary>
  <TestDefinitions>
    <UnitTest name="GetComposicionTest" storage="e:\tmc\prueba_sistema\bin\debug\prueba_sistema.dll" id="d533369f-ef95-61de-851f-7f14b63c8041">
      <Execution id="048ef914-eeb7-4702-83dd-5704f3ed985c" />
      <TestMethod codeBase="E:/TMC/Prueba_Sistema/bin/Debug/Prueba_Sistema.DLL" adapterTypeName="Microsoft.VisualStudio.TestTools.TestTypes.Unit.UnitTestAdapter, Microsoft.VisualStudio.QualityTools.Tips.UnitTest.Adapter, Version=10.0.0.0, Culture=neutral, PublicKeyToken=b03f5f7f11d50a3a" className="Prueba_Sistema.SIARAlgorithmTest, Prueba_Sistema, Version=1.0.0.0, Culture=neutral, PublicKeyToken=null" name="GetComposicionTest" />
    </UnitTest>
    <UnitTest name="ProjectObjectTest" storage="e:\tmc\prueba_sistema\bin\debug\prueba_sistema.dll" id="d6383652-e0a4-f591-b9f1-9545278b7228">
      <Execution id="f7de906e-97ce-4d59-b619-93076b486306" />
      <TestMethod codeBase="E:/TMC/Prueba_Sistema/bin/Debug/Prueba_Sistema.DLL" adapterTypeName="Microsoft.VisualStudio.TestTools.TestTypes.Unit.UnitTestAdapter, Microsoft.VisualStudio.QualityTools.Tips.UnitTest.Adapter, Version=10.0.0.0, Culture=neutral, PublicKeyToken=b03f5f7f11d50a3a" className="Prueba_Sistema.SIARAlgorithmTest, Prueba_Sistema, Version=1.0.0.0, Culture=neutral, PublicKeyToken=null" name="ProjectObjectTest" />
    </UnitTest>
    <UnitTest name="SpesorTest" storage="e:\tmc\prueba_sistema\bin\debug\prueba_sistema.dll" id="f786ff25-5539-a85c-e828-d51f67344fde">
      <Execution id="603c0a13-de30-4e86-b924-49922be04885" />
      <TestMethod codeBase="E:/TMC/Prueba_Sistema/bin/Debug/Prueba_Sistema.DLL" adapterTypeName="Microsoft.VisualStudio.TestTools.TestTypes.Unit.UnitTestAdapter, Microsoft.VisualStudio.QualityTools.Tips.UnitTest.Adapter, Version=10.0.0.0, Culture=neutral, PublicKeyToken=b03f5f7f11d50a3a" className="Prueba_Sistema.SIARAlgorithmTest, Prueba_Sistema, Version=1.0.0.0, Culture=neutral, PublicKeyToken=null" name="SpesorTest" />
    </UnitTest>
    <UnitTest name="MaterialesTest" storage="e:\tmc\prueba_sistema\bin\debug\prueba_sistema.dll" id="2481ccdd-cfc2-da6a-7d5d-bc24b1620a04">
      <Execution id="ee82e26f-e218-4ad2-830f-a9754214c162" />
      <TestMethod codeBase="E:/TMC/Prueba_Sistema/bin/Debug/Prueba_Sistema.DLL" adapterTypeName="Microsoft.VisualStudio.TestTools.TestTypes.Unit.UnitTestAdapter, Microsoft.VisualStudio.QualityTools.Tips.UnitTest.Adapter, Version=10.0.0.0, Culture=neutral, PublicKeyToken=b03f5f7f11d50a3a" className="Prueba_Sistema.SIARAlgorithmTest, Prueba_Sistema, Version=1.0.0.0, Culture=neutral, PublicKeyToken=null" name="MaterialesTest" />
    </UnitTest>
    <UnitTest name="SIARAlgorithmConstructorTest" storage="e:\tmc\prueba_sistema\bin\debug\prueba_sistema.dll" id="8ea7a7c4-749e-adde-b50c-45b18523ee91">
      <DeploymentItems>
        <DeploymentItem filename="TMC.exe" />
      </DeploymentItems>
      <Execution id="57a1085a-f446-47e7-be83-8e96ef846d1c" />
      <TestMethod codeBase="E:/TMC/Prueba_Sistema/bin/Debug/Prueba_Sistema.DLL" adapterTypeName="Microsoft.VisualStudio.TestTools.TestTypes.Unit.UnitTestAdapter, Microsoft.VisualStudio.QualityTools.Tips.UnitTest.Adapter, Version=10.0.0.0, Culture=neutral, PublicKeyToken=b03f5f7f11d50a3a" className="Prueba_Sistema.SIARAlgorithmTest, Prueba_Sistema, Version=1.0.0.0, Culture=neutral, PublicKeyToken=null" name="SIARAlgorithmConstructorTest" />
    </UnitTest>
    <UnitTest name="GetSpesorTest" storage="e:\tmc\prueba_sistema\bin\debug\prueba_sistema.dll" id="e0a21977-e264-8c96-26de-9a335ec7b5cf">
      <Execution id="a888edeb-143d-46be-a778-9bcf5de910b5" />
      <TestMethod codeBase="E:/TMC/Prueba_Sistema/bin/Debug/Prueba_Sistema.DLL" adapterTypeName="Microsoft.VisualStudio.TestTools.TestTypes.Unit.UnitTestAdapter, Microsoft.VisualStudio.QualityTools.Tips.UnitTest.Adapter, Version=10.0.0.0, Culture=neutral, PublicKeyToken=b03f5f7f11d50a3a" className="Prueba_Sistema.SIARAlgorithmTest, Prueba_Sistema, Version=1.0.0.0, Culture=neutral, PublicKeyToken=null" name="GetSpesorTest" />
    </UnitTest>
    <UnitTest name="TDataSetTest" storage="e:\tmc\prueba_sistema\bin\debug\prueba_sistema.dll" id="4d91a320-ea14-7cc7-252c-3cc1c7b142e2">
      <Execution id="b7b6cf0f-73ab-4176-a977-004efcf1b9d7" />
      <TestMethod codeBase="E:/TMC/Prueba_Sistema/bin/Debug/Prueba_Sistema.DLL" adapterTypeName="Microsoft.VisualStudio.TestTools.TestTypes.Unit.UnitTestAdapter, Microsoft.VisualStudio.QualityTools.Tips.UnitTest.Adapter, Version=10.0.0.0, Culture=neutral, PublicKeyToken=b03f5f7f11d50a3a" className="Prueba_Sistema.SIARAlgorithmTest, Prueba_Sistema, Version=1.0.0.0, Culture=neutral, PublicKeyToken=null" name="TDataSetTest" />
    </UnitTest>
    <UnitTest name="CostoTest" storage="e:\tmc\prueba_sistema\bin\debug\prueba_sistema.dll" id="ce31098b-d9c7-3055-28f3-234dea122832">
      <Execution id="1c7963ec-faa4-4433-981f-d84162561ed0" />
      <TestMethod codeBase="E:/TMC/Prueba_Sistema/bin/Debug/Prueba_Sistema.DLL" adapterTypeName="Microsoft.VisualStudio.TestTools.TestTypes.Unit.UnitTestAdapter, Microsoft.VisualStudio.QualityTools.Tips.UnitTest.Adapter, Version=10.0.0.0, Culture=neutral, PublicKeyToken=b03f5f7f11d50a3a" className="Prueba_Sistema.SIARAlgorithmTest, Prueba_Sistema, Version=1.0.0.0, Culture=neutral, PublicKeyToken=null" name="CostoTest" />
    </UnitTest>
    <UnitTest name="LamdaTest" storage="e:\tmc\prueba_sistema\bin\debug\prueba_sistema.dll" id="3156c5d7-187d-6780-f47e-1c4b47dc791e">
      <DeploymentItems>
        <DeploymentItem filename="TMC.exe" />
      </DeploymentItems>
      <Execution id="e12b822e-7cb4-4602-815e-e5e63356e74f" />
      <TestMethod codeBase="E:/TMC/Prueba_Sistema/bin/Debug/Prueba_Sistema.DLL" adapterTypeName="Microsoft.VisualStudio.TestTools.TestTypes.Unit.UnitTestAdapter, Microsoft.VisualStudio.QualityTools.Tips.UnitTest.Adapter, Version=10.0.0.0, Culture=neutral, PublicKeyToken=b03f5f7f11d50a3a" className="Prueba_Sistema.SIARAlgorithmTest, Prueba_Sistema, Version=1.0.0.0, Culture=neutral, PublicKeyToken=null" name="LamdaTest" />
    </UnitTest>
    <UnitTest name="EspesorTest" storage="e:\tmc\prueba_sistema\bin\debug\prueba_sistema.dll" id="60cc0024-8fde-0615-0958-b27db5a00992">
      <Execution id="8ec55777-1b7b-47b9-b99d-c7374d909212" />
      <TestMethod codeBase="E:/TMC/Prueba_Sistema/bin/Debug/Prueba_Sistema.DLL" adapterTypeName="Microsoft.VisualStudio.TestTools.TestTypes.Unit.UnitTestAdapter, Microsoft.VisualStudio.QualityTools.Tips.UnitTest.Adapter, Version=10.0.0.0, Culture=neutral, PublicKeyToken=b03f5f7f11d50a3a" className="Prueba_Sistema.SIARAlgorithmTest, Prueba_Sistema, Version=1.0.0.0, Culture=neutral, PublicKeyToken=null" name="EspesorTest" />
    </UnitTest>
    <UnitTest name="VolumenTest" storage="e:\tmc\prueba_sistema\bin\debug\prueba_sistema.dll" id="1f0d3872-3d89-ddd7-c26c-88b8cdfaebef">
      <Execution id="395e4c29-5a83-4343-b1a1-d448d34c24ad" />
      <TestMethod codeBase="E:/TMC/Prueba_Sistema/bin/Debug/Prueba_Sistema.DLL" adapterTypeName="Microsoft.VisualStudio.TestTools.TestTypes.Unit.UnitTestAdapter, Microsoft.VisualStudio.QualityTools.Tips.UnitTest.Adapter, Version=10.0.0.0, Culture=neutral, PublicKeyToken=b03f5f7f11d50a3a" className="Prueba_Sistema.SIARAlgorithmTest, Prueba_Sistema, Version=1.0.0.0, Culture=neutral, PublicKeyToken=null" name="VolumenTest" />
    </UnitTest>
    <UnitTest name="GetAlphaExternoTest" storage="e:\tmc\prueba_sistema\bin\debug\prueba_sistema.dll" id="9b11cded-4a4e-84a5-2c78-8b0746ca8b27">
      <Execution id="8ae2b350-fdfe-4b41-87d5-ed9b9e7755bf" />
      <TestMethod codeBase="E:/TMC/Prueba_Sistema/bin/Debug/Prueba_Sistema.DLL" adapterTypeName="Microsoft.VisualStudio.TestTools.TestTypes.Unit.UnitTestAdapter, Microsoft.VisualStudio.QualityTools.Tips.UnitTest.Adapter, Version=10.0.0.0, Culture=neutral, PublicKeyToken=b03f5f7f11d50a3a" className="Prueba_Sistema.SIARAlgorithmTest, Prueba_Sistema, Version=1.0.0.0, Culture=neutral, PublicKeyToken=null" name="GetAlphaExternoTest" />
    </UnitTest>
    <UnitTest name="PesoTest" storage="e:\tmc\prueba_sistema\bin\debug\prueba_sistema.dll" id="891031eb-a5ea-caac-765e-39b3913ed33b">
      <Execution id="81de6395-59b7-417b-b8ec-04827d44b59b" />
      <TestMethod codeBase="E:/TMC/Prueba_Sistema/bin/Debug/Prueba_Sistema.DLL" adapterTypeName="Microsoft.VisualStudio.TestTools.TestTypes.Unit.UnitTestAdapter, Microsoft.VisualStudio.QualityTools.Tips.UnitTest.Adapter, Version=10.0.0.0, Culture=neutral, PublicKeyToken=b03f5f7f11d50a3a" className="Prueba_Sistema.SIARAlgorithmTest, Prueba_Sistema, Version=1.0.0.0, Culture=neutral, PublicKeyToken=null" name="PesoTest" />
    </UnitTest>
    <UnitTest name="TempExternaTest" storage="e:\tmc\prueba_sistema\bin\debug\prueba_sistema.dll" id="50479122-b343-6c21-a99d-5015997c5a49">
      <Execution id="db18e9f5-35f0-4114-b44f-48234f66f79c" />
      <TestMethod codeBase="E:/TMC/Prueba_Sistema/bin/Debug/Prueba_Sistema.DLL" adapterTypeName="Microsoft.VisualStudio.TestTools.TestTypes.Unit.UnitTestAdapter, Microsoft.VisualStudio.QualityTools.Tips.UnitTest.Adapter, Version=10.0.0.0, Culture=neutral, PublicKeyToken=b03f5f7f11d50a3a" className="Prueba_Sistema.SIARAlgorithmTest, Prueba_Sistema, Version=1.0.0.0, Culture=neutral, PublicKeyToken=null" name="TempExternaTest" />
    </UnitTest>
    <UnitTest name="CompareTest" storage="e:\tmc\prueba_sistema\bin\debug\prueba_sistema.dll" id="e737cb5a-f9b7-f821-5532-44d393d1d635">
      <Execution id="0e5085e1-eea2-46cf-8696-eb466839c47f" />
      <TestMethod codeBase="E:/TMC/Prueba_Sistema/bin/Debug/Prueba_Sistema.DLL" adapterTypeName="Microsoft.VisualStudio.TestTools.TestTypes.Unit.UnitTestAdapter, Microsoft.VisualStudio.QualityTools.Tips.UnitTest.Adapter, Version=10.0.0.0, Culture=neutral, PublicKeyToken=b03f5f7f11d50a3a" className="Prueba_Sistema.SIARAlgorithmTest, Prueba_Sistema, Version=1.0.0.0, Culture=neutral, PublicKeyToken=null" name="CompareTest" />
    </UnitTest>
    <UnitTest name="SiSParcialTest" storage="e:\tmc\prueba_sistema\bin\debug\prueba_sistema.dll" id="8333709e-7c34-8f8f-6d47-225cfe519466">
      <Execution id="ccdfc1dd-2d13-489c-acc1-92b4c28ccb18" />
      <TestMethod codeBase="E:/TMC/Prueba_Sistema/bin/Debug/Prueba_Sistema.DLL" adapterTypeName="Microsoft.VisualStudio.TestTools.TestTypes.Unit.UnitTestAdapter, Microsoft.VisualStudio.QualityTools.Tips.UnitTest.Adapter, Version=10.0.0.0, Culture=neutral, PublicKeyToken=b03f5f7f11d50a3a" className="Prueba_Sistema.SIARAlgorithmTest, Prueba_Sistema, Version=1.0.0.0, Culture=neutral, PublicKeyToken=null" name="SiSParcialTest" />
    </UnitTest>
    <UnitTest name="EST_SEG_TEMPTest" storage="e:\tmc\prueba_sistema\bin\debug\prueba_sistema.dll" id="3f76ec95-7759-d8f2-ecbe-b6d15cf99c2d">
      <Execution id="4363ce84-2a05-48c0-b10d-4ffe918db93b" />
      <TestMethod codeBase="E:/TMC/Prueba_Sistema/bin/Debug/Prueba_Sistema.DLL" adapterTypeName="Microsoft.VisualStudio.TestTools.TestTypes.Unit.UnitTestAdapter, Microsoft.VisualStudio.QualityTools.Tips.UnitTest.Adapter, Version=10.0.0.0, Culture=neutral, PublicKeyToken=b03f5f7f11d50a3a" className="Prueba_Sistema.SIARAlgorithmTest, Prueba_Sistema, Version=1.0.0.0, Culture=neutral, PublicKeyToken=null" name="EST_SEG_TEMPTest" />
    </UnitTest>
    <UnitTest name="ProjectTest" storage="e:\tmc\prueba_sistema\bin\debug\prueba_sistema.dll" id="37024a35-286c-2a76-887f-ec372e0eea46">
      <Execution id="4fb4713a-95bc-4c75-8255-6536f389e398" />
      <TestMethod codeBase="E:/TMC/Prueba_Sistema/bin/Debug/Prueba_Sistema.DLL" adapterTypeName="Microsoft.VisualStudio.TestTools.TestTypes.Unit.UnitTestAdapter, Microsoft.VisualStudio.QualityTools.Tips.UnitTest.Adapter, Version=10.0.0.0, Culture=neutral, PublicKeyToken=b03f5f7f11d50a3a" className="Prueba_Sistema.SIARAlgorithmTest, Prueba_Sistema, Version=1.0.0.0, Culture=neutral, PublicKeyToken=null" name="ProjectTest" />
    </UnitTest>
    <UnitTest name="EST_LAMB_TEMPTest" storage="e:\tmc\prueba_sistema\bin\debug\prueba_sistema.dll" id="d4ddb7ce-2e93-ec97-f3f3-328e6ddff1c3">
      <Execution id="5a67b2c5-138c-48d8-a31a-1c1ae5ef76b6" />
      <TestMethod codeBase="E:/TMC/Prueba_Sistema/bin/Debug/Prueba_Sistema.DLL" adapterTypeName="Microsoft.VisualStudio.TestTools.TestTypes.Unit.UnitTestAdapter, Microsoft.VisualStudio.QualityTools.Tips.UnitTest.Adapter, Version=10.0.0.0, Culture=neutral, PublicKeyToken=b03f5f7f11d50a3a" className="Prueba_Sistema.SIARAlgorithmTest, Prueba_Sistema, Version=1.0.0.0, Culture=neutral, PublicKeyToken=null" name="EST_LAMB_TEMPTest" />
    </UnitTest>
    <UnitTest name="EST_INTER_TEMPTest" storage="e:\tmc\prueba_sistema\bin\debug\prueba_sistema.dll" id="84756d70-b361-fcbc-0f10-6bed897863ea">
      <Execution id="023a3746-fec1-4e7f-9e73-f2db7bbee7b8" />
      <TestMethod codeBase="E:/TMC/Prueba_Sistema/bin/Debug/Prueba_Sistema.DLL" adapterTypeName="Microsoft.VisualStudio.TestTools.TestTypes.Unit.UnitTestAdapter, Microsoft.VisualStudio.QualityTools.Tips.UnitTest.Adapter, Version=10.0.0.0, Culture=neutral, PublicKeyToken=b03f5f7f11d50a3a" className="Prueba_Sistema.SIARAlgorithmTest, Prueba_Sistema, Version=1.0.0.0, Culture=neutral, PublicKeyToken=null" name="EST_INTER_TEMPTest" />
    </UnitTest>
    <UnitTest name="GetDiseñoTest" storage="e:\tmc\prueba_sistema\bin\debug\prueba_sistema.dll" id="ae2c1285-ec23-0ef7-cf6a-763c2331c0dc">
      <Execution id="a529280d-b476-4fef-a064-b88bb3184fb0" />
      <TestMethod codeBase="E:/TMC/Prueba_Sistema/bin/Debug/Prueba_Sistema.DLL" adapterTypeName="Microsoft.VisualStudio.TestTools.TestTypes.Unit.UnitTestAdapter, Microsoft.VisualStudio.QualityTools.Tips.UnitTest.Adapter, Version=10.0.0.0, Culture=neutral, PublicKeyToken=b03f5f7f11d50a3a" className="Prueba_Sistema.SIARAlgorithmTest, Prueba_Sistema, Version=1.0.0.0, Culture=neutral, PublicKeyToken=null" name="GetDiseñoTest" />
    </UnitTest>
    <UnitTest name="FlujoCaloricoTest" storage="e:\tmc\prueba_sistema\bin\debug\prueba_sistema.dll" id="d038c8d4-4e44-8b85-6d3e-60f9575d8194">
      <Execution id="4a05278f-1a2a-4c0c-9265-f19f1b7a0426" />
      <TestMethod codeBase="E:/TMC/Prueba_Sistema/bin/Debug/Prueba_Sistema.DLL" adapterTypeName="Microsoft.VisualStudio.TestTools.TestTypes.Unit.UnitTestAdapter, Microsoft.VisualStudio.QualityTools.Tips.UnitTest.Adapter, Version=10.0.0.0, Culture=neutral, PublicKeyToken=b03f5f7f11d50a3a" className="Prueba_Sistema.SIARAlgorithmTest, Prueba_Sistema, Version=1.0.0.0, Culture=neutral, PublicKeyToken=null" name="FlujoCaloricoTest" />
    </UnitTest>
    <UnitTest name="ClearListTest" storage="e:\tmc\prueba_sistema\bin\debug\prueba_sistema.dll" id="e283fa52-b2bf-6e5e-21a1-5c29357ff1eb">
      <DeploymentItems>
        <DeploymentItem filename="TMC.exe" />
      </DeploymentItems>
      <Execution id="98e97a5a-b0ec-4a37-96c9-f94b333b94a0" />
      <TestMethod codeBase="E:/TMC/Prueba_Sistema/bin/Debug/Prueba_Sistema.DLL" adapterTypeName="Microsoft.VisualStudio.TestTools.TestTypes.Unit.UnitTestAdapter, Microsoft.VisualStudio.QualityTools.Tips.UnitTest.Adapter, Version=10.0.0.0, Culture=neutral, PublicKeyToken=b03f5f7f11d50a3a" className="Prueba_Sistema.SIARAlgorithmTest, Prueba_Sistema, Version=1.0.0.0, Culture=neutral, PublicKeyToken=null" name="ClearListTest" />
    </UnitTest>
    <UnitTest name="PerdidaTotalTest" storage="e:\tmc\prueba_sistema\bin\debug\prueba_sistema.dll" id="b1342a16-0c03-ae52-8fb1-87727bd11fe1">
      <Execution id="580088dc-2b9e-4c46-ad63-b05674172443" />
      <TestMethod codeBase="E:/TMC/Prueba_Sistema/bin/Debug/Prueba_Sistema.DLL" adapterTypeName="Microsoft.VisualStudio.TestTools.TestTypes.Unit.UnitTestAdapter, Microsoft.VisualStudio.QualityTools.Tips.UnitTest.Adapter, Version=10.0.0.0, Culture=neutral, PublicKeyToken=b03f5f7f11d50a3a" className="Prueba_Sistema.SIARAlgorithmTest, Prueba_Sistema, Version=1.0.0.0, Culture=neutral, PublicKeyToken=null" name="PerdidaTotalTest" />
    </UnitTest>
    <UnitTest name="TestMethod1" storage="e:\tmc\prueba_sistema\bin\debug\prueba_sistema.dll" id="2364cd82-690a-3e37-ca16-ba137da063d6">
      <Execution id="93496efc-1dfa-40c7-8381-3df644eb8f81" />
      <TestMethod codeBase="E:/TMC/Prueba_Sistema/bin/Debug/Prueba_Sistema.DLL" adapterTypeName="Microsoft.VisualStudio.TestTools.TestTypes.Unit.UnitTestAdapter, Microsoft.VisualStudio.QualityTools.Tips.UnitTest.Adapter, Version=10.0.0.0, Culture=neutral, PublicKeyToken=b03f5f7f11d50a3a" className="Prueba_Sistema.UnitTest1, Prueba_Sistema, Version=1.0.0.0, Culture=neutral, PublicKeyToken=null" name="TestMethod1" />
    </UnitTest>
  </TestDefinitions>
  <TestLists>
    <TestList name="Resultados que no están en la lista" id="8c84fa94-04c1-424b-9868-57a2d4851a1d" />
    <TestList name="Todos los resultados cargados" id="19431567-8539-422a-85d7-44ee4e166bda" />
  </TestLists>
  <TestEntries>
    <TestEntry testId="2364cd82-690a-3e37-ca16-ba137da063d6" executionId="93496efc-1dfa-40c7-8381-3df644eb8f81" testListId="8c84fa94-04c1-424b-9868-57a2d4851a1d" />
    <TestEntry testId="e737cb5a-f9b7-f821-5532-44d393d1d635" executionId="0e5085e1-eea2-46cf-8696-eb466839c47f" testListId="8c84fa94-04c1-424b-9868-57a2d4851a1d" />
    <TestEntry testId="e283fa52-b2bf-6e5e-21a1-5c29357ff1eb" executionId="98e97a5a-b0ec-4a37-96c9-f94b333b94a0" testListId="8c84fa94-04c1-424b-9868-57a2d4851a1d" />
    <TestEntry testId="84756d70-b361-fcbc-0f10-6bed897863ea" executionId="023a3746-fec1-4e7f-9e73-f2db7bbee7b8" testListId="8c84fa94-04c1-424b-9868-57a2d4851a1d" />
    <TestEntry testId="d4ddb7ce-2e93-ec97-f3f3-328e6ddff1c3" executionId="5a67b2c5-138c-48d8-a31a-1c1ae5ef76b6" testListId="8c84fa94-04c1-424b-9868-57a2d4851a1d" />
    <TestEntry testId="3f76ec95-7759-d8f2-ecbe-b6d15cf99c2d" executionId="4363ce84-2a05-48c0-b10d-4ffe918db93b" testListId="8c84fa94-04c1-424b-9868-57a2d4851a1d" />
    <TestEntry testId="9b11cded-4a4e-84a5-2c78-8b0746ca8b27" executionId="8ae2b350-fdfe-4b41-87d5-ed9b9e7755bf" testListId="8c84fa94-04c1-424b-9868-57a2d4851a1d" />
    <TestEntry testId="d533369f-ef95-61de-851f-7f14b63c8041" executionId="048ef914-eeb7-4702-83dd-5704f3ed985c" testListId="8c84fa94-04c1-424b-9868-57a2d4851a1d" />
    <TestEntry testId="ae2c1285-ec23-0ef7-cf6a-763c2331c0dc" executionId="a529280d-b476-4fef-a064-b88bb3184fb0" testListId="8c84fa94-04c1-424b-9868-57a2d4851a1d" />
    <TestEntry testId="e0a21977-e264-8c96-26de-9a335ec7b5cf" executionId="a888edeb-143d-46be-a778-9bcf5de910b5" testListId="8c84fa94-04c1-424b-9868-57a2d4851a1d" />
    <TestEntry testId="3156c5d7-187d-6780-f47e-1c4b47dc791e" executionId="e12b822e-7cb4-4602-815e-e5e63356e74f" testListId="8c84fa94-04c1-424b-9868-57a2d4851a1d" />
    <TestEntry testId="8333709e-7c34-8f8f-6d47-225cfe519466" executionId="ccdfc1dd-2d13-489c-acc1-92b4c28ccb18" testListId="8c84fa94-04c1-424b-9868-57a2d4851a1d" />
    <TestEntry testId="ce31098b-d9c7-3055-28f3-234dea122832" executionId="1c7963ec-faa4-4433-981f-d84162561ed0" testListId="8c84fa94-04c1-424b-9868-57a2d4851a1d" />
    <TestEntry testId="60cc0024-8fde-0615-0958-b27db5a00992" executionId="8ec55777-1b7b-47b9-b99d-c7374d909212" testListId="8c84fa94-04c1-424b-9868-57a2d4851a1d" />
    <TestEntry testId="d038c8d4-4e44-8b85-6d3e-60f9575d8194" executionId="4a05278f-1a2a-4c0c-9265-f19f1b7a0426" testListId="8c84fa94-04c1-424b-9868-57a2d4851a1d" />
    <TestEntry testId="2481ccdd-cfc2-da6a-7d5d-bc24b1620a04" executionId="ee82e26f-e218-4ad2-830f-a9754214c162" testListId="8c84fa94-04c1-424b-9868-57a2d4851a1d" />
    <TestEntry testId="b1342a16-0c03-ae52-8fb1-87727bd11fe1" executionId="580088dc-2b9e-4c46-ad63-b05674172443" testListId="8c84fa94-04c1-424b-9868-57a2d4851a1d" />
    <TestEntry testId="891031eb-a5ea-caac-765e-39b3913ed33b" executionId="81de6395-59b7-417b-b8ec-04827d44b59b" testListId="8c84fa94-04c1-424b-9868-57a2d4851a1d" />
    <TestEntry testId="37024a35-286c-2a76-887f-ec372e0eea46" executionId="4fb4713a-95bc-4c75-8255-6536f389e398" testListId="8c84fa94-04c1-424b-9868-57a2d4851a1d" />
    <TestEntry testId="d6383652-e0a4-f591-b9f1-9545278b7228" executionId="f7de906e-97ce-4d59-b619-93076b486306" testListId="8c84fa94-04c1-424b-9868-57a2d4851a1d" />
    <TestEntry testId="f786ff25-5539-a85c-e828-d51f67344fde" executionId="603c0a13-de30-4e86-b924-49922be04885" testListId="8c84fa94-04c1-424b-9868-57a2d4851a1d" />
    <TestEntry testId="4d91a320-ea14-7cc7-252c-3cc1c7b142e2" executionId="b7b6cf0f-73ab-4176-a977-004efcf1b9d7" testListId="8c84fa94-04c1-424b-9868-57a2d4851a1d" />
    <TestEntry testId="50479122-b343-6c21-a99d-5015997c5a49" executionId="db18e9f5-35f0-4114-b44f-48234f66f79c" testListId="8c84fa94-04c1-424b-9868-57a2d4851a1d" />
    <TestEntry testId="1f0d3872-3d89-ddd7-c26c-88b8cdfaebef" executionId="395e4c29-5a83-4343-b1a1-d448d34c24ad" testListId="8c84fa94-04c1-424b-9868-57a2d4851a1d" />
    <TestEntry testId="8ea7a7c4-749e-adde-b50c-45b18523ee91" executionId="57a1085a-f446-47e7-be83-8e96ef846d1c" testListId="8c84fa94-04c1-424b-9868-57a2d4851a1d" />
  </TestEntries>
  <Results>
    <UnitTestResult executionId="93496efc-1dfa-40c7-8381-3df644eb8f81" testId="2364cd82-690a-3e37-ca16-ba137da063d6" testName="TestMethod1" computerName="YAMILEX" duration="00:00:00.0094602" startTime="2015-10-24T04:10:43.7991268-03:00" endTime="2015-10-24T04:10:44.6131733-03:00" testType="13cdc9d9-ddb5-4fa4-a97d-d965ccfc6d4b" outcome="Passed" testListId="8c84fa94-04c1-424b-9868-57a2d4851a1d" relativeResultsDirectory="93496efc-1dfa-40c7-8381-3df644eb8f81">
    </UnitTestResult>
    <UnitTestResult executionId="0e5085e1-eea2-46cf-8696-eb466839c47f" testId="e737cb5a-f9b7-f821-5532-44d393d1d635" testName="CompareTest" computerName="YAMILEX" testType="13cdc9d9-ddb5-4fa4-a97d-d965ccfc6d4b" outcome="NotRunnable" testListId="8c84fa94-04c1-424b-9868-57a2d4851a1d" relativeResultsDirectory="0e5085e1-eea2-46cf-8696-eb466839c47f">
      <Output>
        <ErrorInfo>
          <Message>UTA007: la firma del método CompareTest definido en la clase Prueba_Sistema.SIARAlgorithmTest no es correcta. El método de prueba marcado con el atributo [TestMethod] debe ser no estático, público, no debe devolver ningún valor ni tomar ningún parámetro. Por ejemplo: public void Test.Class1.Test().</Message>
        </ErrorInfo>
      </Output>
    </UnitTestResult>
    <UnitTestResult executionId="98e97a5a-b0ec-4a37-96c9-f94b333b94a0" testId="e283fa52-b2bf-6e5e-21a1-5c29357ff1eb" testName="ClearListTest" computerName="YAMILEX" duration="00:00:44.5535483" startTime="2015-10-24T04:10:44.6351746-03:00" endTime="2015-10-24T04:11:29.1887229-03:00" testType="13cdc9d9-ddb5-4fa4-a97d-d965ccfc6d4b" outcome="Aborted" testListId="8c84fa94-04c1-424b-9868-57a2d4851a1d" relativeResultsDirectory="98e97a5a-b0ec-4a37-96c9-f94b333b94a0">
    </UnitTestResult>
    <UnitTestResult executionId="023a3746-fec1-4e7f-9e73-f2db7bbee7b8" testId="84756d70-b361-fcbc-0f10-6bed897863ea" testName="EST_INTER_TEMPTest" computerName="YAMILEX" testType="13cdc9d9-ddb5-4fa4-a97d-d965ccfc6d4b" outcome="NotExecuted" testListId="8c84fa94-04c1-424b-9868-57a2d4851a1d" relativeResultsDirectory="023a3746-fec1-4e7f-9e73-f2db7bbee7b8">
    </UnitTestResult>
    <UnitTestResult executionId="5a67b2c5-138c-48d8-a31a-1c1ae5ef76b6" testId="d4ddb7ce-2e93-ec97-f3f3-328e6ddff1c3" testName="EST_LAMB_TEMPTest" computerName="YAMILEX" testType="13cdc9d9-ddb5-4fa4-a97d-d965ccfc6d4b" outcome="NotExecuted" testListId="8c84fa94-04c1-424b-9868-57a2d4851a1d" relativeResultsDirectory="5a67b2c5-138c-48d8-a31a-1c1ae5ef76b6">
    </UnitTestResult>
    <UnitTestResult executionId="4363ce84-2a05-48c0-b10d-4ffe918db93b" testId="3f76ec95-7759-d8f2-ecbe-b6d15cf99c2d" testName="EST_SEG_TEMPTest" computerName="YAMILEX" testType="13cdc9d9-ddb5-4fa4-a97d-d965ccfc6d4b" outcome="NotExecuted" testListId="8c84fa94-04c1-424b-9868-57a2d4851a1d" relativeResultsDirectory="4363ce84-2a05-48c0-b10d-4ffe918db93b">
    </UnitTestResult>
    <UnitTestResult executionId="8ae2b350-fdfe-4b41-87d5-ed9b9e7755bf" testId="9b11cded-4a4e-84a5-2c78-8b0746ca8b27" testName="GetAlphaExternoTest" computerName="YAMILEX" testType="13cdc9d9-ddb5-4fa4-a97d-d965ccfc6d4b" outcome="NotExecuted" testListId="8c84fa94-04c1-424b-9868-57a2d4851a1d" relativeResultsDirectory="8ae2b350-fdfe-4b41-87d5-ed9b9e7755bf">
    </UnitTestResult>
    <UnitTestResult executionId="048ef914-eeb7-4702-83dd-5704f3ed985c" testId="d533369f-ef95-61de-851f-7f14b63c8041" testName="GetComposicionTest" computerName="YAMILEX" testType="13cdc9d9-ddb5-4fa4-a97d-d965ccfc6d4b" outcome="NotExecuted" testListId="8c84fa94-04c1-424b-9868-57a2d4851a1d" relativeResultsDirectory="048ef914-eeb7-4702-83dd-5704f3ed985c">
    </UnitTestResult>
    <UnitTestResult executionId="a529280d-b476-4fef-a064-b88bb3184fb0" testId="ae2c1285-ec23-0ef7-cf6a-763c2331c0dc" testName="GetDiseñoTest" computerName="YAMILEX" testType="13cdc9d9-ddb5-4fa4-a97d-d965ccfc6d4b" outcome="NotExecuted" testListId="8c84fa94-04c1-424b-9868-57a2d4851a1d" relativeResultsDirectory="a529280d-b476-4fef-a064-b88bb3184fb0">
    </UnitTestResult>
    <UnitTestResult executionId="a888edeb-143d-46be-a778-9bcf5de910b5" testId="e0a21977-e264-8c96-26de-9a335ec7b5cf" testName="GetSpesorTest" computerName="YAMILEX" testType="13cdc9d9-ddb5-4fa4-a97d-d965ccfc6d4b" outcome="NotExecuted" testListId="8c84fa94-04c1-424b-9868-57a2d4851a1d" relativeResultsDirectory="a888edeb-143d-46be-a778-9bcf5de910b5">
    </UnitTestResult>
    <UnitTestResult executionId="e12b822e-7cb4-4602-815e-e5e63356e74f" testId="3156c5d7-187d-6780-f47e-1c4b47dc791e" testName="LamdaTest" computerName="YAMILEX" testType="13cdc9d9-ddb5-4fa4-a97d-d965ccfc6d4b" outcome="NotExecuted" testListId="8c84fa94-04c1-424b-9868-57a2d4851a1d" relativeResultsDirectory="e12b822e-7cb4-4602-815e-e5e63356e74f">
    </UnitTestResult>
    <UnitTestResult executionId="ccdfc1dd-2d13-489c-acc1-92b4c28ccb18" testId="8333709e-7c34-8f8f-6d47-225cfe519466" testName="SiSParcialTest" computerName="YAMILEX" testType="13cdc9d9-ddb5-4fa4-a97d-d965ccfc6d4b" outcome="NotExecuted" testListId="8c84fa94-04c1-424b-9868-57a2d4851a1d" relativeResultsDirectory="ccdfc1dd-2d13-489c-acc1-92b4c28ccb18">
    </UnitTestResult>
    <UnitTestResult executionId="1c7963ec-faa4-4433-981f-d84162561ed0" testId="ce31098b-d9c7-3055-28f3-234dea122832" testName="CostoTest" computerName="YAMILEX" testType="13cdc9d9-ddb5-4fa4-a97d-d965ccfc6d4b" outcome="NotExecuted" testListId="8c84fa94-04c1-424b-9868-57a2d4851a1d" relativeResultsDirectory="1c7963ec-faa4-4433-981f-d84162561ed0">
    </UnitTestResult>
    <UnitTestResult executionId="8ec55777-1b7b-47b9-b99d-c7374d909212" testId="60cc0024-8fde-0615-0958-b27db5a00992" testName="EspesorTest" computerName="YAMILEX" testType="13cdc9d9-ddb5-4fa4-a97d-d965ccfc6d4b" outcome="NotExecuted" testListId="8c84fa94-04c1-424b-9868-57a2d4851a1d" relativeResultsDirectory="8ec55777-1b7b-47b9-b99d-c7374d909212">
    </UnitTestResult>
    <UnitTestResult executionId="4a05278f-1a2a-4c0c-9265-f19f1b7a0426" testId="d038c8d4-4e44-8b85-6d3e-60f9575d8194" testName="FlujoCaloricoTest" computerName="YAMILEX" testType="13cdc9d9-ddb5-4fa4-a97d-d965ccfc6d4b" outcome="NotExecuted" testListId="8c84fa94-04c1-424b-9868-57a2d4851a1d" relativeResultsDirectory="4a05278f-1a2a-4c0c-9265-f19f1b7a0426">
    </UnitTestResult>
    <UnitTestResult executionId="ee82e26f-e218-4ad2-830f-a9754214c162" testId="2481ccdd-cfc2-da6a-7d5d-bc24b1620a04" testName="MaterialesTest" computerName="YAMILEX" testType="13cdc9d9-ddb5-4fa4-a97d-d965ccfc6d4b" outcome="NotExecuted" testListId="8c84fa94-04c1-424b-9868-57a2d4851a1d" relativeResultsDirectory="ee82e26f-e218-4ad2-830f-a9754214c162">
    </UnitTestResult>
    <UnitTestResult executionId="580088dc-2b9e-4c46-ad63-b05674172443" testId="b1342a16-0c03-ae52-8fb1-87727bd11fe1" testName="PerdidaTotalTest" computerName="YAMILEX" testType="13cdc9d9-ddb5-4fa4-a97d-d965ccfc6d4b" outcome="NotExecuted" testListId="8c84fa94-04c1-424b-9868-57a2d4851a1d" relativeResultsDirectory="580088dc-2b9e-4c46-ad63-b05674172443">
    </UnitTestResult>
    <UnitTestResult executionId="81de6395-59b7-417b-b8ec-04827d44b59b" testId="891031eb-a5ea-caac-765e-39b3913ed33b" testName="PesoTest" computerName="YAMILEX" testType="13cdc9d9-ddb5-4fa4-a97d-d965ccfc6d4b" outcome="NotExecuted" testListId="8c84fa94-04c1-424b-9868-57a2d4851a1d" relativeResultsDirectory="81de6395-59b7-417b-b8ec-04827d44b59b">
    </UnitTestResult>
    <UnitTestResult executionId="4fb4713a-95bc-4c75-8255-6536f389e398" testId="37024a35-286c-2a76-887f-ec372e0eea46" testName="ProjectTest" computerName="YAMILEX" testType="13cdc9d9-ddb5-4fa4-a97d-d965ccfc6d4b" outcome="NotExecuted" testListId="8c84fa94-04c1-424b-9868-57a2d4851a1d" relativeResultsDirectory="4fb4713a-95bc-4c75-8255-6536f389e398">
    </UnitTestResult>
    <UnitTestResult executionId="f7de906e-97ce-4d59-b619-93076b486306" testId="d6383652-e0a4-f591-b9f1-9545278b7228" testName="ProjectObjectTest" computerName="YAMILEX" testType="13cdc9d9-ddb5-4fa4-a97d-d965ccfc6d4b" outcome="NotExecuted" testListId="8c84fa94-04c1-424b-9868-57a2d4851a1d" relativeResultsDirectory="f7de906e-97ce-4d59-b619-93076b486306">
    </UnitTestResult>
    <UnitTestResult executionId="603c0a13-de30-4e86-b924-49922be04885" testId="f786ff25-5539-a85c-e828-d51f67344fde" testName="SpesorTest" computerName="YAMILEX" testType="13cdc9d9-ddb5-4fa4-a97d-d965ccfc6d4b" outcome="NotExecuted" testListId="8c84fa94-04c1-424b-9868-57a2d4851a1d" relativeResultsDirectory="603c0a13-de30-4e86-b924-49922be04885">
    </UnitTestResult>
    <UnitTestResult executionId="b7b6cf0f-73ab-4176-a977-004efcf1b9d7" testId="4d91a320-ea14-7cc7-252c-3cc1c7b142e2" testName="TDataSetTest" computerName="YAMILEX" testType="13cdc9d9-ddb5-4fa4-a97d-d965ccfc6d4b" outcome="NotExecuted" testListId="8c84fa94-04c1-424b-9868-57a2d4851a1d" relativeResultsDirectory="b7b6cf0f-73ab-4176-a977-004efcf1b9d7">
    </UnitTestResult>
    <UnitTestResult executionId="db18e9f5-35f0-4114-b44f-48234f66f79c" testId="50479122-b343-6c21-a99d-5015997c5a49" testName="TempExternaTest" computerName="YAMILEX" testType="13cdc9d9-ddb5-4fa4-a97d-d965ccfc6d4b" outcome="NotExecuted" testListId="8c84fa94-04c1-424b-9868-57a2d4851a1d" relativeResultsDirectory="db18e9f5-35f0-4114-b44f-48234f66f79c">
    </UnitTestResult>
    <UnitTestResult executionId="395e4c29-5a83-4343-b1a1-d448d34c24ad" testId="1f0d3872-3d89-ddd7-c26c-88b8cdfaebef" testName="VolumenTest" computerName="YAMILEX" testType="13cdc9d9-ddb5-4fa4-a97d-d965ccfc6d4b" outcome="NotExecuted" testListId="8c84fa94-04c1-424b-9868-57a2d4851a1d" relativeResultsDirectory="395e4c29-5a83-4343-b1a1-d448d34c24ad">
    </UnitTestResult>
    <UnitTestResult executionId="57a1085a-f446-47e7-be83-8e96ef846d1c" testId="8ea7a7c4-749e-adde-b50c-45b18523ee91" testName="SIARAlgorithmConstructorTest" computerName="YAMILEX" testType="13cdc9d9-ddb5-4fa4-a97d-d965ccfc6d4b" outcome="NotExecuted" testListId="8c84fa94-04c1-424b-9868-57a2d4851a1d" relativeResultsDirectory="57a1085a-f446-47e7-be83-8e96ef846d1c">
    </UnitTestResult>
  </Results>
</TestRun>