<?xml version="1.0" encoding="UTF-8"?>
<TestRun id="7bee1289-0f6b-4362-99ed-bc5c56848668" name="yami@YAMILEX 2015-10-24 03:40:17" runUser="YAMILEX\yami" xmlns="http://microsoft.com/schemas/VisualStudio/TeamTest/2010">
  <TestSettings name="Local" id="607f8b6c-2431-4eb3-8939-f252dd3f80db">
    <Description>Esta es la configuración de pruebas predeterminada para una ejecución de pruebas local.</Description>
    <Deployment enabled="false" runDeploymentRoot="yami_YAMILEX 2015-10-24 03_40_17">
      <DeploymentItem filename="E:\TMC\TMC\bin\Debug\TMC.exe" />
      <DeploymentItem filename="E:\TMC\TMC\bin\Debug\Antlr3.Runtime.dll" />
      <DeploymentItem filename="E:\ACINOX Components\ACINOX Components\bin\Debug\ACINOX.dll" />
      <DeploymentItem filename="E:\TMC\TMC\bin\Debug\NCalc.dll" />
    </Deployment>
    <Execution>
      <TestTypeSpecific />
      <AgentRule name="Execution Agents">
      </AgentRule>
    </Execution>
  </TestSettings>
  <Times creation="2015-10-24T03:40:17.6886792-03:00" queuing="2015-10-24T03:40:18.9067489-03:00" start="2015-10-24T03:40:19.1287616-03:00" finish="2015-10-24T03:41:06.2154548-03:00" />
  <ResultSummary outcome="Error">
    <Counters total="25" executed="4" passed="1" error="0" failed="2" timeout="0" aborted="1" inconclusive="0" passedButRunAborted="0" notRunnable="1" notExecuted="20" disconnected="0" warning="0" completed="0" inProgress="0" pending="0" />
    <RunInfos>
      <RunInfo computerName="YAMILEX" outcome="Error" timestamp="2015-10-24T03:41:06.2104545-03:00">
        <Text>El proceso del host de pruebas terminó inesperadamente.</Text>
      </RunInfo>
    </RunInfos>
  </ResultSummary>
  <TestDefinitions>
    <UnitTest name="GetComposicionTest" storage="e:\tmc\prueba_sistema\bin\debug\prueba_sistema.dll" id="d533369f-ef95-61de-851f-7f14b63c8041">
      <Execution id="8839bc09-824b-440f-b805-1b3cd54720e3" />
      <TestMethod codeBase="E:/TMC/Prueba_Sistema/bin/Debug/Prueba_Sistema.DLL" adapterTypeName="Microsoft.VisualStudio.TestTools.TestTypes.Unit.UnitTestAdapter, Microsoft.VisualStudio.QualityTools.Tips.UnitTest.Adapter, Version=10.0.0.0, Culture=neutral, PublicKeyToken=b03f5f7f11d50a3a" className="Prueba_Sistema.SIARAlgorithmTest, Prueba_Sistema, Version=1.0.0.0, Culture=neutral, PublicKeyToken=null" name="GetComposicionTest" />
    </UnitTest>
    <UnitTest name="ProjectObjectTest" storage="e:\tmc\prueba_sistema\bin\debug\prueba_sistema.dll" id="d6383652-e0a4-f591-b9f1-9545278b7228">
      <Execution id="4bf3d745-2cbf-47d5-b6b4-020ce8416dc6" />
      <TestMethod codeBase="E:/TMC/Prueba_Sistema/bin/Debug/Prueba_Sistema.DLL" adapterTypeName="Microsoft.VisualStudio.TestTools.TestTypes.Unit.UnitTestAdapter, Microsoft.VisualStudio.QualityTools.Tips.UnitTest.Adapter, Version=10.0.0.0, Culture=neutral, PublicKeyToken=b03f5f7f11d50a3a" className="Prueba_Sistema.SIARAlgorithmTest, Prueba_Sistema, Version=1.0.0.0, Culture=neutral, PublicKeyToken=null" name="ProjectObjectTest" />
    </UnitTest>
    <UnitTest name="SpesorTest" storage="e:\tmc\prueba_sistema\bin\debug\prueba_sistema.dll" id="f786ff25-5539-a85c-e828-d51f67344fde">
      <Execution id="20ba6776-5ee1-4b61-ba39-c098192475d0" />
      <TestMethod codeBase="E:/TMC/Prueba_Sistema/bin/Debug/Prueba_Sistema.DLL" adapterTypeName="Microsoft.VisualStudio.TestTools.TestTypes.Unit.UnitTestAdapter, Microsoft.VisualStudio.QualityTools.Tips.UnitTest.Adapter, Version=10.0.0.0, Culture=neutral, PublicKeyToken=b03f5f7f11d50a3a" className="Prueba_Sistema.SIARAlgorithmTest, Prueba_Sistema, Version=1.0.0.0, Culture=neutral, PublicKeyToken=null" name="SpesorTest" />
    </UnitTest>
    <UnitTest name="MaterialesTest" storage="e:\tmc\prueba_sistema\bin\debug\prueba_sistema.dll" id="2481ccdd-cfc2-da6a-7d5d-bc24b1620a04">
      <Execution id="13d67303-2abd-4af2-a189-a5b7918ef060" />
      <TestMethod codeBase="E:/TMC/Prueba_Sistema/bin/Debug/Prueba_Sistema.DLL" adapterTypeName="Microsoft.VisualStudio.TestTools.TestTypes.Unit.UnitTestAdapter, Microsoft.VisualStudio.QualityTools.Tips.UnitTest.Adapter, Version=10.0.0.0, Culture=neutral, PublicKeyToken=b03f5f7f11d50a3a" className="Prueba_Sistema.SIARAlgorithmTest, Prueba_Sistema, Version=1.0.0.0, Culture=neutral, PublicKeyToken=null" name="MaterialesTest" />
    </UnitTest>
    <UnitTest name="SIARAlgorithmConstructorTest" storage="e:\tmc\prueba_sistema\bin\debug\prueba_sistema.dll" id="8ea7a7c4-749e-adde-b50c-45b18523ee91">
      <DeploymentItems>
        <DeploymentItem filename="TMC.exe" />
      </DeploymentItems>
      <Execution id="078ebcaf-1652-4bcb-b68e-4962f174b73f" />
      <TestMethod codeBase="E:/TMC/Prueba_Sistema/bin/Debug/Prueba_Sistema.DLL" adapterTypeName="Microsoft.VisualStudio.TestTools.TestTypes.Unit.UnitTestAdapter, Microsoft.VisualStudio.QualityTools.Tips.UnitTest.Adapter, Version=10.0.0.0, Culture=neutral, PublicKeyToken=b03f5f7f11d50a3a" className="Prueba_Sistema.SIARAlgorithmTest, Prueba_Sistema, Version=1.0.0.0, Culture=neutral, PublicKeyToken=null" name="SIARAlgorithmConstructorTest" />
    </UnitTest>
    <UnitTest name="GetSpesorTest" storage="e:\tmc\prueba_sistema\bin\debug\prueba_sistema.dll" id="e0a21977-e264-8c96-26de-9a335ec7b5cf">
      <Execution id="f362fb2f-996d-4332-8a2d-d331c8f7a70b" />
      <TestMethod codeBase="E:/TMC/Prueba_Sistema/bin/Debug/Prueba_Sistema.DLL" adapterTypeName="Microsoft.VisualStudio.TestTools.TestTypes.Unit.UnitTestAdapter, Microsoft.VisualStudio.QualityTools.Tips.UnitTest.Adapter, Version=10.0.0.0, Culture=neutral, PublicKeyToken=b03f5f7f11d50a3a" className="Prueba_Sistema.SIARAlgorithmTest, Prueba_Sistema, Version=1.0.0.0, Culture=neutral, PublicKeyToken=null" name="GetSpesorTest" />
    </UnitTest>
    <UnitTest name="TDataSetTest" storage="e:\tmc\prueba_sistema\bin\debug\prueba_sistema.dll" id="4d91a320-ea14-7cc7-252c-3cc1c7b142e2">
      <Execution id="9e480118-5814-4168-b2c6-b49b72c6b54e" />
      <TestMethod codeBase="E:/TMC/Prueba_Sistema/bin/Debug/Prueba_Sistema.DLL" adapterTypeName="Microsoft.VisualStudio.TestTools.TestTypes.Unit.UnitTestAdapter, Microsoft.VisualStudio.QualityTools.Tips.UnitTest.Adapter, Version=10.0.0.0, Culture=neutral, PublicKeyToken=b03f5f7f11d50a3a" className="Prueba_Sistema.SIARAlgorithmTest, Prueba_Sistema, Version=1.0.0.0, Culture=neutral, PublicKeyToken=null" name="TDataSetTest" />
    </UnitTest>
    <UnitTest name="CostoTest" storage="e:\tmc\prueba_sistema\bin\debug\prueba_sistema.dll" id="ce31098b-d9c7-3055-28f3-234dea122832">
      <Execution id="db6238ca-065f-4fe5-ba1a-b25a9b67079e" />
      <TestMethod codeBase="E:/TMC/Prueba_Sistema/bin/Debug/Prueba_Sistema.DLL" adapterTypeName="Microsoft.VisualStudio.TestTools.TestTypes.Unit.UnitTestAdapter, Microsoft.VisualStudio.QualityTools.Tips.UnitTest.Adapter, Version=10.0.0.0, Culture=neutral, PublicKeyToken=b03f5f7f11d50a3a" className="Prueba_Sistema.SIARAlgorithmTest, Prueba_Sistema, Version=1.0.0.0, Culture=neutral, PublicKeyToken=null" name="CostoTest" />
    </UnitTest>
    <UnitTest name="LamdaTest" storage="e:\tmc\prueba_sistema\bin\debug\prueba_sistema.dll" id="3156c5d7-187d-6780-f47e-1c4b47dc791e">
      <DeploymentItems>
        <DeploymentItem filename="TMC.exe" />
      </DeploymentItems>
      <Execution id="e8e2afd1-e9ba-4de9-96de-912e27bce82a" />
      <TestMethod codeBase="E:/TMC/Prueba_Sistema/bin/Debug/Prueba_Sistema.DLL" adapterTypeName="Microsoft.VisualStudio.TestTools.TestTypes.Unit.UnitTestAdapter, Microsoft.VisualStudio.QualityTools.Tips.UnitTest.Adapter, Version=10.0.0.0, Culture=neutral, PublicKeyToken=b03f5f7f11d50a3a" className="Prueba_Sistema.SIARAlgorithmTest, Prueba_Sistema, Version=1.0.0.0, Culture=neutral, PublicKeyToken=null" name="LamdaTest" />
    </UnitTest>
    <UnitTest name="EspesorTest" storage="e:\tmc\prueba_sistema\bin\debug\prueba_sistema.dll" id="60cc0024-8fde-0615-0958-b27db5a00992">
      <Execution id="1e6088ca-f6cf-489e-83a1-4e18b673a825" />
      <TestMethod codeBase="E:/TMC/Prueba_Sistema/bin/Debug/Prueba_Sistema.DLL" adapterTypeName="Microsoft.VisualStudio.TestTools.TestTypes.Unit.UnitTestAdapter, Microsoft.VisualStudio.QualityTools.Tips.UnitTest.Adapter, Version=10.0.0.0, Culture=neutral, PublicKeyToken=b03f5f7f11d50a3a" className="Prueba_Sistema.SIARAlgorithmTest, Prueba_Sistema, Version=1.0.0.0, Culture=neutral, PublicKeyToken=null" name="EspesorTest" />
    </UnitTest>
    <UnitTest name="VolumenTest" storage="e:\tmc\prueba_sistema\bin\debug\prueba_sistema.dll" id="1f0d3872-3d89-ddd7-c26c-88b8cdfaebef">
      <Execution id="c96e8ab5-0a03-4343-b973-6a3670e41756" />
      <TestMethod codeBase="E:/TMC/Prueba_Sistema/bin/Debug/Prueba_Sistema.DLL" adapterTypeName="Microsoft.VisualStudio.TestTools.TestTypes.Unit.UnitTestAdapter, Microsoft.VisualStudio.QualityTools.Tips.UnitTest.Adapter, Version=10.0.0.0, Culture=neutral, PublicKeyToken=b03f5f7f11d50a3a" className="Prueba_Sistema.SIARAlgorithmTest, Prueba_Sistema, Version=1.0.0.0, Culture=neutral, PublicKeyToken=null" name="VolumenTest" />
    </UnitTest>
    <UnitTest name="GetAlphaExternoTest" storage="e:\tmc\prueba_sistema\bin\debug\prueba_sistema.dll" id="9b11cded-4a4e-84a5-2c78-8b0746ca8b27">
      <Execution id="30e36970-f378-4344-887e-2ad9aa7972b7" />
      <TestMethod codeBase="E:/TMC/Prueba_Sistema/bin/Debug/Prueba_Sistema.DLL" adapterTypeName="Microsoft.VisualStudio.TestTools.TestTypes.Unit.UnitTestAdapter, Microsoft.VisualStudio.QualityTools.Tips.UnitTest.Adapter, Version=10.0.0.0, Culture=neutral, PublicKeyToken=b03f5f7f11d50a3a" className="Prueba_Sistema.SIARAlgorithmTest, Prueba_Sistema, Version=1.0.0.0, Culture=neutral, PublicKeyToken=null" name="GetAlphaExternoTest" />
    </UnitTest>
    <UnitTest name="PesoTest" storage="e:\tmc\prueba_sistema\bin\debug\prueba_sistema.dll" id="891031eb-a5ea-caac-765e-39b3913ed33b">
      <Execution id="e88f4e15-20cc-40cb-be47-b71d9baa7771" />
      <TestMethod codeBase="E:/TMC/Prueba_Sistema/bin/Debug/Prueba_Sistema.DLL" adapterTypeName="Microsoft.VisualStudio.TestTools.TestTypes.Unit.UnitTestAdapter, Microsoft.VisualStudio.QualityTools.Tips.UnitTest.Adapter, Version=10.0.0.0, Culture=neutral, PublicKeyToken=b03f5f7f11d50a3a" className="Prueba_Sistema.SIARAlgorithmTest, Prueba_Sistema, Version=1.0.0.0, Culture=neutral, PublicKeyToken=null" name="PesoTest" />
    </UnitTest>
    <UnitTest name="TempExternaTest" storage="e:\tmc\prueba_sistema\bin\debug\prueba_sistema.dll" id="50479122-b343-6c21-a99d-5015997c5a49">
      <Execution id="d18ef518-185c-4bd2-85c9-fa63da331954" />
      <TestMethod codeBase="E:/TMC/Prueba_Sistema/bin/Debug/Prueba_Sistema.DLL" adapterTypeName="Microsoft.VisualStudio.TestTools.TestTypes.Unit.UnitTestAdapter, Microsoft.VisualStudio.QualityTools.Tips.UnitTest.Adapter, Version=10.0.0.0, Culture=neutral, PublicKeyToken=b03f5f7f11d50a3a" className="Prueba_Sistema.SIARAlgorithmTest, Prueba_Sistema, Version=1.0.0.0, Culture=neutral, PublicKeyToken=null" name="TempExternaTest" />
    </UnitTest>
    <UnitTest name="CompareTest" storage="e:\tmc\prueba_sistema\bin\debug\prueba_sistema.dll" id="e737cb5a-f9b7-f821-5532-44d393d1d635">
      <Execution id="c97e6013-decb-4ec0-94a8-7719b414edd7" />
      <TestMethod codeBase="E:/TMC/Prueba_Sistema/bin/Debug/Prueba_Sistema.DLL" adapterTypeName="Microsoft.VisualStudio.TestTools.TestTypes.Unit.UnitTestAdapter, Microsoft.VisualStudio.QualityTools.Tips.UnitTest.Adapter, Version=10.0.0.0, Culture=neutral, PublicKeyToken=b03f5f7f11d50a3a" className="Prueba_Sistema.SIARAlgorithmTest, Prueba_Sistema, Version=1.0.0.0, Culture=neutral, PublicKeyToken=null" name="CompareTest" />
    </UnitTest>
    <UnitTest name="SiSParcialTest" storage="e:\tmc\prueba_sistema\bin\debug\prueba_sistema.dll" id="8333709e-7c34-8f8f-6d47-225cfe519466">
      <Execution id="49b8ad6b-7bf7-48e2-b7e7-4fbea402fbfc" />
      <TestMethod codeBase="E:/TMC/Prueba_Sistema/bin/Debug/Prueba_Sistema.DLL" adapterTypeName="Microsoft.VisualStudio.TestTools.TestTypes.Unit.UnitTestAdapter, Microsoft.VisualStudio.QualityTools.Tips.UnitTest.Adapter, Version=10.0.0.0, Culture=neutral, PublicKeyToken=b03f5f7f11d50a3a" className="Prueba_Sistema.SIARAlgorithmTest, Prueba_Sistema, Version=1.0.0.0, Culture=neutral, PublicKeyToken=null" name="SiSParcialTest" />
    </UnitTest>
    <UnitTest name="EST_SEG_TEMPTest" storage="e:\tmc\prueba_sistema\bin\debug\prueba_sistema.dll" id="3f76ec95-7759-d8f2-ecbe-b6d15cf99c2d">
      <Execution id="7bd307d1-24fe-40fb-9db0-11625e5a8371" />
      <TestMethod codeBase="E:/TMC/Prueba_Sistema/bin/Debug/Prueba_Sistema.DLL" adapterTypeName="Microsoft.VisualStudio.TestTools.TestTypes.Unit.UnitTestAdapter, Microsoft.VisualStudio.QualityTools.Tips.UnitTest.Adapter, Version=10.0.0.0, Culture=neutral, PublicKeyToken=b03f5f7f11d50a3a" className="Prueba_Sistema.SIARAlgorithmTest, Prueba_Sistema, Version=1.0.0.0, Culture=neutral, PublicKeyToken=null" name="EST_SEG_TEMPTest" />
    </UnitTest>
    <UnitTest name="ProjectTest" storage="e:\tmc\prueba_sistema\bin\debug\prueba_sistema.dll" id="37024a35-286c-2a76-887f-ec372e0eea46">
      <Execution id="09f31077-5001-41d5-94c8-a8810b7d8057" />
      <TestMethod codeBase="E:/TMC/Prueba_Sistema/bin/Debug/Prueba_Sistema.DLL" adapterTypeName="Microsoft.VisualStudio.TestTools.TestTypes.Unit.UnitTestAdapter, Microsoft.VisualStudio.QualityTools.Tips.UnitTest.Adapter, Version=10.0.0.0, Culture=neutral, PublicKeyToken=b03f5f7f11d50a3a" className="Prueba_Sistema.SIARAlgorithmTest, Prueba_Sistema, Version=1.0.0.0, Culture=neutral, PublicKeyToken=null" name="ProjectTest" />
    </UnitTest>
    <UnitTest name="EST_LAMB_TEMPTest" storage="e:\tmc\prueba_sistema\bin\debug\prueba_sistema.dll" id="d4ddb7ce-2e93-ec97-f3f3-328e6ddff1c3">
      <Execution id="c7744a4e-b223-4a33-92bd-b92526976af4" />
      <TestMethod codeBase="E:/TMC/Prueba_Sistema/bin/Debug/Prueba_Sistema.DLL" adapterTypeName="Microsoft.VisualStudio.TestTools.TestTypes.Unit.UnitTestAdapter, Microsoft.VisualStudio.QualityTools.Tips.UnitTest.Adapter, Version=10.0.0.0, Culture=neutral, PublicKeyToken=b03f5f7f11d50a3a" className="Prueba_Sistema.SIARAlgorithmTest, Prueba_Sistema, Version=1.0.0.0, Culture=neutral, PublicKeyToken=null" name="EST_LAMB_TEMPTest" />
    </UnitTest>
    <UnitTest name="EST_INTER_TEMPTest" storage="e:\tmc\prueba_sistema\bin\debug\prueba_sistema.dll" id="84756d70-b361-fcbc-0f10-6bed897863ea">
      <Execution id="2b28b552-6979-4cdc-b1aa-5b274be5bc52" />
      <TestMethod codeBase="E:/TMC/Prueba_Sistema/bin/Debug/Prueba_Sistema.DLL" adapterTypeName="Microsoft.VisualStudio.TestTools.TestTypes.Unit.UnitTestAdapter, Microsoft.VisualStudio.QualityTools.Tips.UnitTest.Adapter, Version=10.0.0.0, Culture=neutral, PublicKeyToken=b03f5f7f11d50a3a" className="Prueba_Sistema.SIARAlgorithmTest, Prueba_Sistema, Version=1.0.0.0, Culture=neutral, PublicKeyToken=null" name="EST_INTER_TEMPTest" />
    </UnitTest>
    <UnitTest name="GetDiseñoTest" storage="e:\tmc\prueba_sistema\bin\debug\prueba_sistema.dll" id="ae2c1285-ec23-0ef7-cf6a-763c2331c0dc">
      <Execution id="5678dfe7-eccf-4544-82ad-7e5028fb343b" />
      <TestMethod codeBase="E:/TMC/Prueba_Sistema/bin/Debug/Prueba_Sistema.DLL" adapterTypeName="Microsoft.VisualStudio.TestTools.TestTypes.Unit.UnitTestAdapter, Microsoft.VisualStudio.QualityTools.Tips.UnitTest.Adapter, Version=10.0.0.0, Culture=neutral, PublicKeyToken=b03f5f7f11d50a3a" className="Prueba_Sistema.SIARAlgorithmTest, Prueba_Sistema, Version=1.0.0.0, Culture=neutral, PublicKeyToken=null" name="GetDiseñoTest" />
    </UnitTest>
    <UnitTest name="FlujoCaloricoTest" storage="e:\tmc\prueba_sistema\bin\debug\prueba_sistema.dll" id="d038c8d4-4e44-8b85-6d3e-60f9575d8194">
      <Execution id="ca89edfc-b348-437b-996b-92c76e07e4f7" />
      <TestMethod codeBase="E:/TMC/Prueba_Sistema/bin/Debug/Prueba_Sistema.DLL" adapterTypeName="Microsoft.VisualStudio.TestTools.TestTypes.Unit.UnitTestAdapter, Microsoft.VisualStudio.QualityTools.Tips.UnitTest.Adapter, Version=10.0.0.0, Culture=neutral, PublicKeyToken=b03f5f7f11d50a3a" className="Prueba_Sistema.SIARAlgorithmTest, Prueba_Sistema, Version=1.0.0.0, Culture=neutral, PublicKeyToken=null" name="FlujoCaloricoTest" />
    </UnitTest>
    <UnitTest name="ClearListTest" storage="e:\tmc\prueba_sistema\bin\debug\prueba_sistema.dll" id="e283fa52-b2bf-6e5e-21a1-5c29357ff1eb">
      <DeploymentItems>
        <DeploymentItem filename="TMC.exe" />
      </DeploymentItems>
      <Execution id="10b9cd7c-b70b-475d-ae96-8ecbece7a8bd" />
      <TestMethod codeBase="E:/TMC/Prueba_Sistema/bin/Debug/Prueba_Sistema.DLL" adapterTypeName="Microsoft.VisualStudio.TestTools.TestTypes.Unit.UnitTestAdapter, Microsoft.VisualStudio.QualityTools.Tips.UnitTest.Adapter, Version=10.0.0.0, Culture=neutral, PublicKeyToken=b03f5f7f11d50a3a" className="Prueba_Sistema.SIARAlgorithmTest, Prueba_Sistema, Version=1.0.0.0, Culture=neutral, PublicKeyToken=null" name="ClearListTest" />
    </UnitTest>
    <UnitTest name="PerdidaTotalTest" storage="e:\tmc\prueba_sistema\bin\debug\prueba_sistema.dll" id="b1342a16-0c03-ae52-8fb1-87727bd11fe1">
      <Execution id="d3fbe329-0555-44c3-b8b7-e35cb2a0b634" />
      <TestMethod codeBase="E:/TMC/Prueba_Sistema/bin/Debug/Prueba_Sistema.DLL" adapterTypeName="Microsoft.VisualStudio.TestTools.TestTypes.Unit.UnitTestAdapter, Microsoft.VisualStudio.QualityTools.Tips.UnitTest.Adapter, Version=10.0.0.0, Culture=neutral, PublicKeyToken=b03f5f7f11d50a3a" className="Prueba_Sistema.SIARAlgorithmTest, Prueba_Sistema, Version=1.0.0.0, Culture=neutral, PublicKeyToken=null" name="PerdidaTotalTest" />
    </UnitTest>
    <UnitTest name="TestMethod1" storage="e:\tmc\prueba_sistema\bin\debug\prueba_sistema.dll" id="2364cd82-690a-3e37-ca16-ba137da063d6">
      <Execution id="a4aac812-fdef-42de-9335-47e353ab5bb1" />
      <TestMethod codeBase="E:/TMC/Prueba_Sistema/bin/Debug/Prueba_Sistema.DLL" adapterTypeName="Microsoft.VisualStudio.TestTools.TestTypes.Unit.UnitTestAdapter, Microsoft.VisualStudio.QualityTools.Tips.UnitTest.Adapter, Version=10.0.0.0, Culture=neutral, PublicKeyToken=b03f5f7f11d50a3a" className="Prueba_Sistema.UnitTest1, Prueba_Sistema, Version=1.0.0.0, Culture=neutral, PublicKeyToken=null" name="TestMethod1" />
    </UnitTest>
  </TestDefinitions>
  <TestLists>
    <TestList name="Resultados que no están en la lista" id="8c84fa94-04c1-424b-9868-57a2d4851a1d" />
    <TestList name="Todos los resultados cargados" id="19431567-8539-422a-85d7-44ee4e166bda" />
  </TestLists>
  <TestEntries>
    <TestEntry testId="2364cd82-690a-3e37-ca16-ba137da063d6" executionId="a4aac812-fdef-42de-9335-47e353ab5bb1" testListId="8c84fa94-04c1-424b-9868-57a2d4851a1d" />
    <TestEntry testId="e737cb5a-f9b7-f821-5532-44d393d1d635" executionId="c97e6013-decb-4ec0-94a8-7719b414edd7" testListId="8c84fa94-04c1-424b-9868-57a2d4851a1d" />
    <TestEntry testId="e283fa52-b2bf-6e5e-21a1-5c29357ff1eb" executionId="10b9cd7c-b70b-475d-ae96-8ecbece7a8bd" testListId="8c84fa94-04c1-424b-9868-57a2d4851a1d" />
    <TestEntry testId="84756d70-b361-fcbc-0f10-6bed897863ea" executionId="2b28b552-6979-4cdc-b1aa-5b274be5bc52" testListId="8c84fa94-04c1-424b-9868-57a2d4851a1d" />
    <TestEntry testId="d4ddb7ce-2e93-ec97-f3f3-328e6ddff1c3" executionId="c7744a4e-b223-4a33-92bd-b92526976af4" testListId="8c84fa94-04c1-424b-9868-57a2d4851a1d" />
    <TestEntry testId="3f76ec95-7759-d8f2-ecbe-b6d15cf99c2d" executionId="7bd307d1-24fe-40fb-9db0-11625e5a8371" testListId="8c84fa94-04c1-424b-9868-57a2d4851a1d" />
    <TestEntry testId="9b11cded-4a4e-84a5-2c78-8b0746ca8b27" executionId="30e36970-f378-4344-887e-2ad9aa7972b7" testListId="8c84fa94-04c1-424b-9868-57a2d4851a1d" />
    <TestEntry testId="d533369f-ef95-61de-851f-7f14b63c8041" executionId="8839bc09-824b-440f-b805-1b3cd54720e3" testListId="8c84fa94-04c1-424b-9868-57a2d4851a1d" />
    <TestEntry testId="ae2c1285-ec23-0ef7-cf6a-763c2331c0dc" executionId="5678dfe7-eccf-4544-82ad-7e5028fb343b" testListId="8c84fa94-04c1-424b-9868-57a2d4851a1d" />
    <TestEntry testId="e0a21977-e264-8c96-26de-9a335ec7b5cf" executionId="f362fb2f-996d-4332-8a2d-d331c8f7a70b" testListId="8c84fa94-04c1-424b-9868-57a2d4851a1d" />
    <TestEntry testId="3156c5d7-187d-6780-f47e-1c4b47dc791e" executionId="e8e2afd1-e9ba-4de9-96de-912e27bce82a" testListId="8c84fa94-04c1-424b-9868-57a2d4851a1d" />
    <TestEntry testId="8333709e-7c34-8f8f-6d47-225cfe519466" executionId="49b8ad6b-7bf7-48e2-b7e7-4fbea402fbfc" testListId="8c84fa94-04c1-424b-9868-57a2d4851a1d" />
    <TestEntry testId="ce31098b-d9c7-3055-28f3-234dea122832" executionId="db6238ca-065f-4fe5-ba1a-b25a9b67079e" testListId="8c84fa94-04c1-424b-9868-57a2d4851a1d" />
    <TestEntry testId="60cc0024-8fde-0615-0958-b27db5a00992" executionId="1e6088ca-f6cf-489e-83a1-4e18b673a825" testListId="8c84fa94-04c1-424b-9868-57a2d4851a1d" />
    <TestEntry testId="d038c8d4-4e44-8b85-6d3e-60f9575d8194" executionId="ca89edfc-b348-437b-996b-92c76e07e4f7" testListId="8c84fa94-04c1-424b-9868-57a2d4851a1d" />
    <TestEntry testId="2481ccdd-cfc2-da6a-7d5d-bc24b1620a04" executionId="13d67303-2abd-4af2-a189-a5b7918ef060" testListId="8c84fa94-04c1-424b-9868-57a2d4851a1d" />
    <TestEntry testId="b1342a16-0c03-ae52-8fb1-87727bd11fe1" executionId="d3fbe329-0555-44c3-b8b7-e35cb2a0b634" testListId="8c84fa94-04c1-424b-9868-57a2d4851a1d" />
    <TestEntry testId="891031eb-a5ea-caac-765e-39b3913ed33b" executionId="e88f4e15-20cc-40cb-be47-b71d9baa7771" testListId="8c84fa94-04c1-424b-9868-57a2d4851a1d" />
    <TestEntry testId="37024a35-286c-2a76-887f-ec372e0eea46" executionId="09f31077-5001-41d5-94c8-a8810b7d8057" testListId="8c84fa94-04c1-424b-9868-57a2d4851a1d" />
    <TestEntry testId="d6383652-e0a4-f591-b9f1-9545278b7228" executionId="4bf3d745-2cbf-47d5-b6b4-020ce8416dc6" testListId="8c84fa94-04c1-424b-9868-57a2d4851a1d" />
    <TestEntry testId="f786ff25-5539-a85c-e828-d51f67344fde" executionId="20ba6776-5ee1-4b61-ba39-c098192475d0" testListId="8c84fa94-04c1-424b-9868-57a2d4851a1d" />
    <TestEntry testId="4d91a320-ea14-7cc7-252c-3cc1c7b142e2" executionId="9e480118-5814-4168-b2c6-b49b72c6b54e" testListId="8c84fa94-04c1-424b-9868-57a2d4851a1d" />
    <TestEntry testId="50479122-b343-6c21-a99d-5015997c5a49" executionId="d18ef518-185c-4bd2-85c9-fa63da331954" testListId="8c84fa94-04c1-424b-9868-57a2d4851a1d" />
    <TestEntry testId="1f0d3872-3d89-ddd7-c26c-88b8cdfaebef" executionId="c96e8ab5-0a03-4343-b973-6a3670e41756" testListId="8c84fa94-04c1-424b-9868-57a2d4851a1d" />
    <TestEntry testId="8ea7a7c4-749e-adde-b50c-45b18523ee91" executionId="078ebcaf-1652-4bcb-b68e-4962f174b73f" testListId="8c84fa94-04c1-424b-9868-57a2d4851a1d" />
  </TestEntries>
  <Results>
    <UnitTestResult executionId="a4aac812-fdef-42de-9335-47e353ab5bb1" testId="2364cd82-690a-3e37-ca16-ba137da063d6" testName="TestMethod1" computerName="YAMILEX" duration="00:00:00.0106807" startTime="2015-10-24T03:40:19.2907709-03:00" endTime="2015-10-24T03:40:20.1178182-03:00" testType="13cdc9d9-ddb5-4fa4-a97d-d965ccfc6d4b" outcome="Passed" testListId="8c84fa94-04c1-424b-9868-57a2d4851a1d" relativeResultsDirectory="a4aac812-fdef-42de-9335-47e353ab5bb1">
    </UnitTestResult>
    <UnitTestResult executionId="c97e6013-decb-4ec0-94a8-7719b414edd7" testId="e737cb5a-f9b7-f821-5532-44d393d1d635" testName="CompareTest" computerName="YAMILEX" testType="13cdc9d9-ddb5-4fa4-a97d-d965ccfc6d4b" outcome="NotRunnable" testListId="8c84fa94-04c1-424b-9868-57a2d4851a1d" relativeResultsDirectory="c97e6013-decb-4ec0-94a8-7719b414edd7">
      <Output>
        <ErrorInfo>
          <Message>UTA007: la firma del método CompareTest definido en la clase Prueba_Sistema.SIARAlgorithmTest no es correcta. El método de prueba marcado con el atributo [TestMethod] debe ser no estático, público, no debe devolver ningún valor ni tomar ningún parámetro. Por ejemplo: public void Test.Class1.Test().</Message>
        </ErrorInfo>
      </Output>
    </UnitTestResult>
    <UnitTestResult executionId="10b9cd7c-b70b-475d-ae96-8ecbece7a8bd" testId="e283fa52-b2bf-6e5e-21a1-5c29357ff1eb" testName="ClearListTest" computerName="YAMILEX" duration="00:00:41.7288450" startTime="2015-10-24T03:40:20.1348191-03:00" endTime="2015-10-24T03:41:02.1152203-03:00" testType="13cdc9d9-ddb5-4fa4-a97d-d965ccfc6d4b" outcome="Failed" testListId="8c84fa94-04c1-424b-9868-57a2d4851a1d" relativeResultsDirectory="10b9cd7c-b70b-475d-ae96-8ecbece7a8bd">
      <Output>
        <ErrorInfo>
          <Message>El método de prueba Prueba_Sistema.SIARAlgorithmTest.ClearListTest produjo la excepción: 
System.NullReferenceException: Referencia a objeto no establecida como instancia de un objeto.</Message>
          <StackTrace>    en TMC.Components.TemperatureControl.SIARAlgorithm.GetAlphaExterno(Double ts, Double tamb) en E:\TMC\TMC\Components\TemperatureControl\SIARAlgorithms.cs:línea 81
   en TMC.Components.TemperatureControl.SIARAlgorithm.SiSParcial(Double TINTPP, Double TAMP) en E:\TMC\TMC\Components\TemperatureControl\SIARAlgorithms.cs:línea 197
   en Prueba_Sistema.SIARAlgorithmTest.ClearListTest() en E:\TMC\Prueba_Sistema\SIARAlgorithmTest.cs:línea 175
</StackTrace>
        </ErrorInfo>
      </Output>
    </UnitTestResult>
    <UnitTestResult executionId="2b28b552-6979-4cdc-b1aa-5b274be5bc52" testId="84756d70-b361-fcbc-0f10-6bed897863ea" testName="EST_INTER_TEMPTest" computerName="YAMILEX" duration="00:00:00.4702841" startTime="2015-10-24T03:41:02.1282210-03:00" endTime="2015-10-24T03:41:02.7352558-03:00" testType="13cdc9d9-ddb5-4fa4-a97d-d965ccfc6d4b" outcome="Failed" testListId="8c84fa94-04c1-424b-9868-57a2d4851a1d" relativeResultsDirectory="2b28b552-6979-4cdc-b1aa-5b274be5bc52">
      <Output>
        <ErrorInfo>
          <Message>El método de prueba Prueba_Sistema.SIARAlgorithmTest.EST_INTER_TEMPTest produjo la excepción: 
System.ArgumentOutOfRangeException: El índice estaba fuera del intervalo. Debe ser un valor no negativo e inferior al tamaño de la colección.
Nombre del parámetro: index</Message>
          <StackTrace>    en System.ThrowHelper.ThrowArgumentOutOfRangeException()
   en System.Collections.Generic.List`1.set_Item(Int32 index, T value)
   en TMC.Components.TemperatureControl.SIARAlgorithm.EST_INTER_TEMP(Double TAMP, Int32 TEXTERN) en E:\TMC\TMC\Components\TemperatureControl\SIARAlgorithms.cs:línea 363
   en Prueba_Sistema.SIARAlgorithmTest.EST_INTER_TEMPTest() en E:\TMC\Prueba_Sistema\SIARAlgorithmTest.cs:línea 191
</StackTrace>
        </ErrorInfo>
      </Output>
    </UnitTestResult>
    <UnitTestResult executionId="c7744a4e-b223-4a33-92bd-b92526976af4" testId="d4ddb7ce-2e93-ec97-f3f3-328e6ddff1c3" testName="EST_LAMB_TEMPTest" computerName="YAMILEX" duration="00:00:03.4591979" startTime="2015-10-24T03:41:02.7522567-03:00" endTime="2015-10-24T03:41:06.2114546-03:00" testType="13cdc9d9-ddb5-4fa4-a97d-d965ccfc6d4b" outcome="Aborted" testListId="8c84fa94-04c1-424b-9868-57a2d4851a1d" relativeResultsDirectory="c7744a4e-b223-4a33-92bd-b92526976af4">
    </UnitTestResult>
    <UnitTestResult executionId="7bd307d1-24fe-40fb-9db0-11625e5a8371" testId="3f76ec95-7759-d8f2-ecbe-b6d15cf99c2d" testName="EST_SEG_TEMPTest" computerName="YAMILEX" testType="13cdc9d9-ddb5-4fa4-a97d-d965ccfc6d4b" outcome="NotExecuted" testListId="8c84fa94-04c1-424b-9868-57a2d4851a1d" relativeResultsDirectory="7bd307d1-24fe-40fb-9db0-11625e5a8371">
    </UnitTestResult>
    <UnitTestResult executionId="30e36970-f378-4344-887e-2ad9aa7972b7" testId="9b11cded-4a4e-84a5-2c78-8b0746ca8b27" testName="GetAlphaExternoTest" computerName="YAMILEX" testType="13cdc9d9-ddb5-4fa4-a97d-d965ccfc6d4b" outcome="NotExecuted" testListId="8c84fa94-04c1-424b-9868-57a2d4851a1d" relativeResultsDirectory="30e36970-f378-4344-887e-2ad9aa7972b7">
    </UnitTestResult>
    <UnitTestResult executionId="8839bc09-824b-440f-b805-1b3cd54720e3" testId="d533369f-ef95-61de-851f-7f14b63c8041" testName="GetComposicionTest" computerName="YAMILEX" testType="13cdc9d9-ddb5-4fa4-a97d-d965ccfc6d4b" outcome="NotExecuted" testListId="8c84fa94-04c1-424b-9868-57a2d4851a1d" relativeResultsDirectory="8839bc09-824b-440f-b805-1b3cd54720e3">
    </UnitTestResult>
    <UnitTestResult executionId="5678dfe7-eccf-4544-82ad-7e5028fb343b" testId="ae2c1285-ec23-0ef7-cf6a-763c2331c0dc" testName="GetDiseñoTest" computerName="YAMILEX" testType="13cdc9d9-ddb5-4fa4-a97d-d965ccfc6d4b" outcome="NotExecuted" testListId="8c84fa94-04c1-424b-9868-57a2d4851a1d" relativeResultsDirectory="5678dfe7-eccf-4544-82ad-7e5028fb343b">
    </UnitTestResult>
    <UnitTestResult executionId="f362fb2f-996d-4332-8a2d-d331c8f7a70b" testId="e0a21977-e264-8c96-26de-9a335ec7b5cf" testName="GetSpesorTest" computerName="YAMILEX" testType="13cdc9d9-ddb5-4fa4-a97d-d965ccfc6d4b" outcome="NotExecuted" testListId="8c84fa94-04c1-424b-9868-57a2d4851a1d" relativeResultsDirectory="f362fb2f-996d-4332-8a2d-d331c8f7a70b">
    </UnitTestResult>
    <UnitTestResult executionId="e8e2afd1-e9ba-4de9-96de-912e27bce82a" testId="3156c5d7-187d-6780-f47e-1c4b47dc791e" testName="LamdaTest" computerName="YAMILEX" testType="13cdc9d9-ddb5-4fa4-a97d-d965ccfc6d4b" outcome="NotExecuted" testListId="8c84fa94-04c1-424b-9868-57a2d4851a1d" relativeResultsDirectory="e8e2afd1-e9ba-4de9-96de-912e27bce82a">
    </UnitTestResult>
    <UnitTestResult executionId="49b8ad6b-7bf7-48e2-b7e7-4fbea402fbfc" testId="8333709e-7c34-8f8f-6d47-225cfe519466" testName="SiSParcialTest" computerName="YAMILEX" testType="13cdc9d9-ddb5-4fa4-a97d-d965ccfc6d4b" outcome="NotExecuted" testListId="8c84fa94-04c1-424b-9868-57a2d4851a1d" relativeResultsDirectory="49b8ad6b-7bf7-48e2-b7e7-4fbea402fbfc">
    </UnitTestResult>
    <UnitTestResult executionId="db6238ca-065f-4fe5-ba1a-b25a9b67079e" testId="ce31098b-d9c7-3055-28f3-234dea122832" testName="CostoTest" computerName="YAMILEX" testType="13cdc9d9-ddb5-4fa4-a97d-d965ccfc6d4b" outcome="NotExecuted" testListId="8c84fa94-04c1-424b-9868-57a2d4851a1d" relativeResultsDirectory="db6238ca-065f-4fe5-ba1a-b25a9b67079e">
    </UnitTestResult>
    <UnitTestResult executionId="1e6088ca-f6cf-489e-83a1-4e18b673a825" testId="60cc0024-8fde-0615-0958-b27db5a00992" testName="EspesorTest" computerName="YAMILEX" testType="13cdc9d9-ddb5-4fa4-a97d-d965ccfc6d4b" outcome="NotExecuted" testListId="8c84fa94-04c1-424b-9868-57a2d4851a1d" relativeResultsDirectory="1e6088ca-f6cf-489e-83a1-4e18b673a825">
    </UnitTestResult>
    <UnitTestResult executionId="ca89edfc-b348-437b-996b-92c76e07e4f7" testId="d038c8d4-4e44-8b85-6d3e-60f9575d8194" testName="FlujoCaloricoTest" computerName="YAMILEX" testType="13cdc9d9-ddb5-4fa4-a97d-d965ccfc6d4b" outcome="NotExecuted" testListId="8c84fa94-04c1-424b-9868-57a2d4851a1d" relativeResultsDirectory="ca89edfc-b348-437b-996b-92c76e07e4f7">
    </UnitTestResult>
    <UnitTestResult executionId="13d67303-2abd-4af2-a189-a5b7918ef060" testId="2481ccdd-cfc2-da6a-7d5d-bc24b1620a04" testName="MaterialesTest" computerName="YAMILEX" testType="13cdc9d9-ddb5-4fa4-a97d-d965ccfc6d4b" outcome="NotExecuted" testListId="8c84fa94-04c1-424b-9868-57a2d4851a1d" relativeResultsDirectory="13d67303-2abd-4af2-a189-a5b7918ef060">
    </UnitTestResult>
    <UnitTestResult executionId="d3fbe329-0555-44c3-b8b7-e35cb2a0b634" testId="b1342a16-0c03-ae52-8fb1-87727bd11fe1" testName="PerdidaTotalTest" computerName="YAMILEX" testType="13cdc9d9-ddb5-4fa4-a97d-d965ccfc6d4b" outcome="NotExecuted" testListId="8c84fa94-04c1-424b-9868-57a2d4851a1d" relativeResultsDirectory="d3fbe329-0555-44c3-b8b7-e35cb2a0b634">
    </UnitTestResult>
    <UnitTestResult executionId="e88f4e15-20cc-40cb-be47-b71d9baa7771" testId="891031eb-a5ea-caac-765e-39b3913ed33b" testName="PesoTest" computerName="YAMILEX" testType="13cdc9d9-ddb5-4fa4-a97d-d965ccfc6d4b" outcome="NotExecuted" testListId="8c84fa94-04c1-424b-9868-57a2d4851a1d" relativeResultsDirectory="e88f4e15-20cc-40cb-be47-b71d9baa7771">
    </UnitTestResult>
    <UnitTestResult executionId="09f31077-5001-41d5-94c8-a8810b7d8057" testId="37024a35-286c-2a76-887f-ec372e0eea46" testName="ProjectTest" computerName="YAMILEX" testType="13cdc9d9-ddb5-4fa4-a97d-d965ccfc6d4b" outcome="NotExecuted" testListId="8c84fa94-04c1-424b-9868-57a2d4851a1d" relativeResultsDirectory="09f31077-5001-41d5-94c8-a8810b7d8057">
    </UnitTestResult>
    <UnitTestResult executionId="4bf3d745-2cbf-47d5-b6b4-020ce8416dc6" testId="d6383652-e0a4-f591-b9f1-9545278b7228" testName="ProjectObjectTest" computerName="YAMILEX" testType="13cdc9d9-ddb5-4fa4-a97d-d965ccfc6d4b" outcome="NotExecuted" testListId="8c84fa94-04c1-424b-9868-57a2d4851a1d" relativeResultsDirectory="4bf3d745-2cbf-47d5-b6b4-020ce8416dc6">
    </UnitTestResult>
    <UnitTestResult executionId="20ba6776-5ee1-4b61-ba39-c098192475d0" testId="f786ff25-5539-a85c-e828-d51f67344fde" testName="SpesorTest" computerName="YAMILEX" testType="13cdc9d9-ddb5-4fa4-a97d-d965ccfc6d4b" outcome="NotExecuted" testListId="8c84fa94-04c1-424b-9868-57a2d4851a1d" relativeResultsDirectory="20ba6776-5ee1-4b61-ba39-c098192475d0">
    </UnitTestResult>
    <UnitTestResult executionId="9e480118-5814-4168-b2c6-b49b72c6b54e" testId="4d91a320-ea14-7cc7-252c-3cc1c7b142e2" testName="TDataSetTest" computerName="YAMILEX" testType="13cdc9d9-ddb5-4fa4-a97d-d965ccfc6d4b" outcome="NotExecuted" testListId="8c84fa94-04c1-424b-9868-57a2d4851a1d" relativeResultsDirectory="9e480118-5814-4168-b2c6-b49b72c6b54e">
    </UnitTestResult>
    <UnitTestResult executionId="d18ef518-185c-4bd2-85c9-fa63da331954" testId="50479122-b343-6c21-a99d-5015997c5a49" testName="TempExternaTest" computerName="YAMILEX" testType="13cdc9d9-ddb5-4fa4-a97d-d965ccfc6d4b" outcome="NotExecuted" testListId="8c84fa94-04c1-424b-9868-57a2d4851a1d" relativeResultsDirectory="d18ef518-185c-4bd2-85c9-fa63da331954">
    </UnitTestResult>
    <UnitTestResult executionId="c96e8ab5-0a03-4343-b973-6a3670e41756" testId="1f0d3872-3d89-ddd7-c26c-88b8cdfaebef" testName="VolumenTest" computerName="YAMILEX" testType="13cdc9d9-ddb5-4fa4-a97d-d965ccfc6d4b" outcome="NotExecuted" testListId="8c84fa94-04c1-424b-9868-57a2d4851a1d" relativeResultsDirectory="c96e8ab5-0a03-4343-b973-6a3670e41756">
    </UnitTestResult>
    <UnitTestResult executionId="078ebcaf-1652-4bcb-b68e-4962f174b73f" testId="8ea7a7c4-749e-adde-b50c-45b18523ee91" testName="SIARAlgorithmConstructorTest" computerName="YAMILEX" testType="13cdc9d9-ddb5-4fa4-a97d-d965ccfc6d4b" outcome="NotExecuted" testListId="8c84fa94-04c1-424b-9868-57a2d4851a1d" relativeResultsDirectory="078ebcaf-1652-4bcb-b68e-4962f174b73f">
    </UnitTestResult>
  </Results>
</TestRun>