<?xml version="1.0" encoding="UTF-8"?>
<TestRun id="0b634c5b-b918-4637-968c-681df2cefee1" name="yami@YAMILEX 2015-10-24 03:33:10" runUser="YAMILEX\yami" xmlns="http://microsoft.com/schemas/VisualStudio/TeamTest/2010">
  <TestSettings name="Local" id="607f8b6c-2431-4eb3-8939-f252dd3f80db">
    <Description>Esta es la configuración de pruebas predeterminada para una ejecución de pruebas local.</Description>
    <Deployment enabled="false" runDeploymentRoot="yami_YAMILEX 2015-10-24 03_33_10">
      <DeploymentItem filename="E:\TMC\TMC\bin\Debug\TMC.exe" />
      <DeploymentItem filename="E:\TMC\TMC\bin\Debug\Antlr3.Runtime.dll" />
      <DeploymentItem filename="E:\ACINOX Components\ACINOX Components\bin\Debug\ACINOX.dll" />
      <DeploymentItem filename="E:\TMC\TMC\bin\Debug\NCalc.dll" />
    </Deployment>
    <Execution>
      <TestTypeSpecific />
      <AgentRule name="Execution Agents">
      </AgentRule>
    </Execution>
  </TestSettings>
  <Times creation="2015-10-24T03:33:10.7562601-03:00" queuing="2015-10-24T03:33:12.4013542-03:00" start="2015-10-24T03:33:12.6083660-03:00" finish="2015-10-24T03:34:48.2078340-03:00" />
  <ResultSummary outcome="Error">
    <Counters total="25" executed="2" passed="1" error="0" failed="0" timeout="0" aborted="1" inconclusive="0" passedButRunAborted="0" notRunnable="1" notExecuted="22" disconnected="0" warning="0" completed="0" inProgress="0" pending="0" />
    <RunInfos>
      <RunInfo computerName="YAMILEX" outcome="Error" timestamp="2015-10-24T03:34:48.2018337-03:00">
        <Text>El proceso del host de pruebas terminó inesperadamente.</Text>
      </RunInfo>
    </RunInfos>
  </ResultSummary>
  <TestDefinitions>
    <UnitTest name="GetComposicionTest" storage="e:\tmc\prueba_sistema\bin\debug\prueba_sistema.dll" id="d533369f-ef95-61de-851f-7f14b63c8041">
      <Execution id="839f5316-c026-4287-bef1-f824984d979b" />
      <TestMethod codeBase="E:/TMC/Prueba_Sistema/bin/Debug/Prueba_Sistema.DLL" adapterTypeName="Microsoft.VisualStudio.TestTools.TestTypes.Unit.UnitTestAdapter, Microsoft.VisualStudio.QualityTools.Tips.UnitTest.Adapter, Version=10.0.0.0, Culture=neutral, PublicKeyToken=b03f5f7f11d50a3a" className="Prueba_Sistema.SIARAlgorithmTest, Prueba_Sistema, Version=1.0.0.0, Culture=neutral, PublicKeyToken=null" name="GetComposicionTest" />
    </UnitTest>
    <UnitTest name="ProjectObjectTest" storage="e:\tmc\prueba_sistema\bin\debug\prueba_sistema.dll" id="d6383652-e0a4-f591-b9f1-9545278b7228">
      <Execution id="893a5255-768a-419f-a43e-2fe5da143b19" />
      <TestMethod codeBase="E:/TMC/Prueba_Sistema/bin/Debug/Prueba_Sistema.DLL" adapterTypeName="Microsoft.VisualStudio.TestTools.TestTypes.Unit.UnitTestAdapter, Microsoft.VisualStudio.QualityTools.Tips.UnitTest.Adapter, Version=10.0.0.0, Culture=neutral, PublicKeyToken=b03f5f7f11d50a3a" className="Prueba_Sistema.SIARAlgorithmTest, Prueba_Sistema, Version=1.0.0.0, Culture=neutral, PublicKeyToken=null" name="ProjectObjectTest" />
    </UnitTest>
    <UnitTest name="SpesorTest" storage="e:\tmc\prueba_sistema\bin\debug\prueba_sistema.dll" id="f786ff25-5539-a85c-e828-d51f67344fde">
      <Execution id="75ec0d9f-37e7-4dde-b91c-8730ea8cc172" />
      <TestMethod codeBase="E:/TMC/Prueba_Sistema/bin/Debug/Prueba_Sistema.DLL" adapterTypeName="Microsoft.VisualStudio.TestTools.TestTypes.Unit.UnitTestAdapter, Microsoft.VisualStudio.QualityTools.Tips.UnitTest.Adapter, Version=10.0.0.0, Culture=neutral, PublicKeyToken=b03f5f7f11d50a3a" className="Prueba_Sistema.SIARAlgorithmTest, Prueba_Sistema, Version=1.0.0.0, Culture=neutral, PublicKeyToken=null" name="SpesorTest" />
    </UnitTest>
    <UnitTest name="MaterialesTest" storage="e:\tmc\prueba_sistema\bin\debug\prueba_sistema.dll" id="2481ccdd-cfc2-da6a-7d5d-bc24b1620a04">
      <Execution id="19b90212-72bc-4390-b756-a1faedf6bd3e" />
      <TestMethod codeBase="E:/TMC/Prueba_Sistema/bin/Debug/Prueba_Sistema.DLL" adapterTypeName="Microsoft.VisualStudio.TestTools.TestTypes.Unit.UnitTestAdapter, Microsoft.VisualStudio.QualityTools.Tips.UnitTest.Adapter, Version=10.0.0.0, Culture=neutral, PublicKeyToken=b03f5f7f11d50a3a" className="Prueba_Sistema.SIARAlgorithmTest, Prueba_Sistema, Version=1.0.0.0, Culture=neutral, PublicKeyToken=null" name="MaterialesTest" />
    </UnitTest>
    <UnitTest name="SIARAlgorithmConstructorTest" storage="e:\tmc\prueba_sistema\bin\debug\prueba_sistema.dll" id="8ea7a7c4-749e-adde-b50c-45b18523ee91">
      <DeploymentItems>
        <DeploymentItem filename="TMC.exe" />
      </DeploymentItems>
      <Execution id="b80432b9-7c3c-49e6-964d-54ce1c775f35" />
      <TestMethod codeBase="E:/TMC/Prueba_Sistema/bin/Debug/Prueba_Sistema.DLL" adapterTypeName="Microsoft.VisualStudio.TestTools.TestTypes.Unit.UnitTestAdapter, Microsoft.VisualStudio.QualityTools.Tips.UnitTest.Adapter, Version=10.0.0.0, Culture=neutral, PublicKeyToken=b03f5f7f11d50a3a" className="Prueba_Sistema.SIARAlgorithmTest, Prueba_Sistema, Version=1.0.0.0, Culture=neutral, PublicKeyToken=null" name="SIARAlgorithmConstructorTest" />
    </UnitTest>
    <UnitTest name="GetSpesorTest" storage="e:\tmc\prueba_sistema\bin\debug\prueba_sistema.dll" id="e0a21977-e264-8c96-26de-9a335ec7b5cf">
      <Execution id="3e0afc7f-ae6c-4aea-820b-665d50fbb8c2" />
      <TestMethod codeBase="E:/TMC/Prueba_Sistema/bin/Debug/Prueba_Sistema.DLL" adapterTypeName="Microsoft.VisualStudio.TestTools.TestTypes.Unit.UnitTestAdapter, Microsoft.VisualStudio.QualityTools.Tips.UnitTest.Adapter, Version=10.0.0.0, Culture=neutral, PublicKeyToken=b03f5f7f11d50a3a" className="Prueba_Sistema.SIARAlgorithmTest, Prueba_Sistema, Version=1.0.0.0, Culture=neutral, PublicKeyToken=null" name="GetSpesorTest" />
    </UnitTest>
    <UnitTest name="TDataSetTest" storage="e:\tmc\prueba_sistema\bin\debug\prueba_sistema.dll" id="4d91a320-ea14-7cc7-252c-3cc1c7b142e2">
      <Execution id="b5a0bc14-597a-4bff-bb4c-b6d8d5f61caf" />
      <TestMethod codeBase="E:/TMC/Prueba_Sistema/bin/Debug/Prueba_Sistema.DLL" adapterTypeName="Microsoft.VisualStudio.TestTools.TestTypes.Unit.UnitTestAdapter, Microsoft.VisualStudio.QualityTools.Tips.UnitTest.Adapter, Version=10.0.0.0, Culture=neutral, PublicKeyToken=b03f5f7f11d50a3a" className="Prueba_Sistema.SIARAlgorithmTest, Prueba_Sistema, Version=1.0.0.0, Culture=neutral, PublicKeyToken=null" name="TDataSetTest" />
    </UnitTest>
    <UnitTest name="CostoTest" storage="e:\tmc\prueba_sistema\bin\debug\prueba_sistema.dll" id="ce31098b-d9c7-3055-28f3-234dea122832">
      <Execution id="07046bb0-fc54-41e6-b37d-fcf9e2668fa0" />
      <TestMethod codeBase="E:/TMC/Prueba_Sistema/bin/Debug/Prueba_Sistema.DLL" adapterTypeName="Microsoft.VisualStudio.TestTools.TestTypes.Unit.UnitTestAdapter, Microsoft.VisualStudio.QualityTools.Tips.UnitTest.Adapter, Version=10.0.0.0, Culture=neutral, PublicKeyToken=b03f5f7f11d50a3a" className="Prueba_Sistema.SIARAlgorithmTest, Prueba_Sistema, Version=1.0.0.0, Culture=neutral, PublicKeyToken=null" name="CostoTest" />
    </UnitTest>
    <UnitTest name="LamdaTest" storage="e:\tmc\prueba_sistema\bin\debug\prueba_sistema.dll" id="3156c5d7-187d-6780-f47e-1c4b47dc791e">
      <DeploymentItems>
        <DeploymentItem filename="TMC.exe" />
      </DeploymentItems>
      <Execution id="3a2bdb94-0da1-4d1b-8486-c125e9ece11e" />
      <TestMethod codeBase="E:/TMC/Prueba_Sistema/bin/Debug/Prueba_Sistema.DLL" adapterTypeName="Microsoft.VisualStudio.TestTools.TestTypes.Unit.UnitTestAdapter, Microsoft.VisualStudio.QualityTools.Tips.UnitTest.Adapter, Version=10.0.0.0, Culture=neutral, PublicKeyToken=b03f5f7f11d50a3a" className="Prueba_Sistema.SIARAlgorithmTest, Prueba_Sistema, Version=1.0.0.0, Culture=neutral, PublicKeyToken=null" name="LamdaTest" />
    </UnitTest>
    <UnitTest name="EspesorTest" storage="e:\tmc\prueba_sistema\bin\debug\prueba_sistema.dll" id="60cc0024-8fde-0615-0958-b27db5a00992">
      <Execution id="7401899d-0b9d-4b92-93ce-7638538841a8" />
      <TestMethod codeBase="E:/TMC/Prueba_Sistema/bin/Debug/Prueba_Sistema.DLL" adapterTypeName="Microsoft.VisualStudio.TestTools.TestTypes.Unit.UnitTestAdapter, Microsoft.VisualStudio.QualityTools.Tips.UnitTest.Adapter, Version=10.0.0.0, Culture=neutral, PublicKeyToken=b03f5f7f11d50a3a" className="Prueba_Sistema.SIARAlgorithmTest, Prueba_Sistema, Version=1.0.0.0, Culture=neutral, PublicKeyToken=null" name="EspesorTest" />
    </UnitTest>
    <UnitTest name="VolumenTest" storage="e:\tmc\prueba_sistema\bin\debug\prueba_sistema.dll" id="1f0d3872-3d89-ddd7-c26c-88b8cdfaebef">
      <Execution id="a506a4e0-12d0-4868-bcf5-dca178bc9cc9" />
      <TestMethod codeBase="E:/TMC/Prueba_Sistema/bin/Debug/Prueba_Sistema.DLL" adapterTypeName="Microsoft.VisualStudio.TestTools.TestTypes.Unit.UnitTestAdapter, Microsoft.VisualStudio.QualityTools.Tips.UnitTest.Adapter, Version=10.0.0.0, Culture=neutral, PublicKeyToken=b03f5f7f11d50a3a" className="Prueba_Sistema.SIARAlgorithmTest, Prueba_Sistema, Version=1.0.0.0, Culture=neutral, PublicKeyToken=null" name="VolumenTest" />
    </UnitTest>
    <UnitTest name="GetAlphaExternoTest" storage="e:\tmc\prueba_sistema\bin\debug\prueba_sistema.dll" id="9b11cded-4a4e-84a5-2c78-8b0746ca8b27">
      <Execution id="b91295f8-bc47-4002-9d27-21a7dd6d23c3" />
      <TestMethod codeBase="E:/TMC/Prueba_Sistema/bin/Debug/Prueba_Sistema.DLL" adapterTypeName="Microsoft.VisualStudio.TestTools.TestTypes.Unit.UnitTestAdapter, Microsoft.VisualStudio.QualityTools.Tips.UnitTest.Adapter, Version=10.0.0.0, Culture=neutral, PublicKeyToken=b03f5f7f11d50a3a" className="Prueba_Sistema.SIARAlgorithmTest, Prueba_Sistema, Version=1.0.0.0, Culture=neutral, PublicKeyToken=null" name="GetAlphaExternoTest" />
    </UnitTest>
    <UnitTest name="PesoTest" storage="e:\tmc\prueba_sistema\bin\debug\prueba_sistema.dll" id="891031eb-a5ea-caac-765e-39b3913ed33b">
      <Execution id="df9526e3-908a-4e6a-a0b2-42f8eea313eb" />
      <TestMethod codeBase="E:/TMC/Prueba_Sistema/bin/Debug/Prueba_Sistema.DLL" adapterTypeName="Microsoft.VisualStudio.TestTools.TestTypes.Unit.UnitTestAdapter, Microsoft.VisualStudio.QualityTools.Tips.UnitTest.Adapter, Version=10.0.0.0, Culture=neutral, PublicKeyToken=b03f5f7f11d50a3a" className="Prueba_Sistema.SIARAlgorithmTest, Prueba_Sistema, Version=1.0.0.0, Culture=neutral, PublicKeyToken=null" name="PesoTest" />
    </UnitTest>
    <UnitTest name="TempExternaTest" storage="e:\tmc\prueba_sistema\bin\debug\prueba_sistema.dll" id="50479122-b343-6c21-a99d-5015997c5a49">
      <Execution id="30adbcf5-f192-4928-871a-838631a38dfb" />
      <TestMethod codeBase="E:/TMC/Prueba_Sistema/bin/Debug/Prueba_Sistema.DLL" adapterTypeName="Microsoft.VisualStudio.TestTools.TestTypes.Unit.UnitTestAdapter, Microsoft.VisualStudio.QualityTools.Tips.UnitTest.Adapter, Version=10.0.0.0, Culture=neutral, PublicKeyToken=b03f5f7f11d50a3a" className="Prueba_Sistema.SIARAlgorithmTest, Prueba_Sistema, Version=1.0.0.0, Culture=neutral, PublicKeyToken=null" name="TempExternaTest" />
    </UnitTest>
    <UnitTest name="CompareTest" storage="e:\tmc\prueba_sistema\bin\debug\prueba_sistema.dll" id="e737cb5a-f9b7-f821-5532-44d393d1d635">
      <Execution id="969a35e4-189f-4511-b878-273f40fb20a3" />
      <TestMethod codeBase="E:/TMC/Prueba_Sistema/bin/Debug/Prueba_Sistema.DLL" adapterTypeName="Microsoft.VisualStudio.TestTools.TestTypes.Unit.UnitTestAdapter, Microsoft.VisualStudio.QualityTools.Tips.UnitTest.Adapter, Version=10.0.0.0, Culture=neutral, PublicKeyToken=b03f5f7f11d50a3a" className="Prueba_Sistema.SIARAlgorithmTest, Prueba_Sistema, Version=1.0.0.0, Culture=neutral, PublicKeyToken=null" name="CompareTest" />
    </UnitTest>
    <UnitTest name="SiSParcialTest" storage="e:\tmc\prueba_sistema\bin\debug\prueba_sistema.dll" id="8333709e-7c34-8f8f-6d47-225cfe519466">
      <Execution id="3e33cc08-cbb6-4a81-831e-5578ffea9cd7" />
      <TestMethod codeBase="E:/TMC/Prueba_Sistema/bin/Debug/Prueba_Sistema.DLL" adapterTypeName="Microsoft.VisualStudio.TestTools.TestTypes.Unit.UnitTestAdapter, Microsoft.VisualStudio.QualityTools.Tips.UnitTest.Adapter, Version=10.0.0.0, Culture=neutral, PublicKeyToken=b03f5f7f11d50a3a" className="Prueba_Sistema.SIARAlgorithmTest, Prueba_Sistema, Version=1.0.0.0, Culture=neutral, PublicKeyToken=null" name="SiSParcialTest" />
    </UnitTest>
    <UnitTest name="EST_SEG_TEMPTest" storage="e:\tmc\prueba_sistema\bin\debug\prueba_sistema.dll" id="3f76ec95-7759-d8f2-ecbe-b6d15cf99c2d">
      <Execution id="50f996b6-052c-4f6b-a338-90d090bfa8d1" />
      <TestMethod codeBase="E:/TMC/Prueba_Sistema/bin/Debug/Prueba_Sistema.DLL" adapterTypeName="Microsoft.VisualStudio.TestTools.TestTypes.Unit.UnitTestAdapter, Microsoft.VisualStudio.QualityTools.Tips.UnitTest.Adapter, Version=10.0.0.0, Culture=neutral, PublicKeyToken=b03f5f7f11d50a3a" className="Prueba_Sistema.SIARAlgorithmTest, Prueba_Sistema, Version=1.0.0.0, Culture=neutral, PublicKeyToken=null" name="EST_SEG_TEMPTest" />
    </UnitTest>
    <UnitTest name="ProjectTest" storage="e:\tmc\prueba_sistema\bin\debug\prueba_sistema.dll" id="37024a35-286c-2a76-887f-ec372e0eea46">
      <Execution id="1d69c4bb-f0f6-409b-b861-21c13b39d444" />
      <TestMethod codeBase="E:/TMC/Prueba_Sistema/bin/Debug/Prueba_Sistema.DLL" adapterTypeName="Microsoft.VisualStudio.TestTools.TestTypes.Unit.UnitTestAdapter, Microsoft.VisualStudio.QualityTools.Tips.UnitTest.Adapter, Version=10.0.0.0, Culture=neutral, PublicKeyToken=b03f5f7f11d50a3a" className="Prueba_Sistema.SIARAlgorithmTest, Prueba_Sistema, Version=1.0.0.0, Culture=neutral, PublicKeyToken=null" name="ProjectTest" />
    </UnitTest>
    <UnitTest name="EST_LAMB_TEMPTest" storage="e:\tmc\prueba_sistema\bin\debug\prueba_sistema.dll" id="d4ddb7ce-2e93-ec97-f3f3-328e6ddff1c3">
      <Execution id="620ebcbd-14f2-4f91-badc-556efe2f3c1c" />
      <TestMethod codeBase="E:/TMC/Prueba_Sistema/bin/Debug/Prueba_Sistema.DLL" adapterTypeName="Microsoft.VisualStudio.TestTools.TestTypes.Unit.UnitTestAdapter, Microsoft.VisualStudio.QualityTools.Tips.UnitTest.Adapter, Version=10.0.0.0, Culture=neutral, PublicKeyToken=b03f5f7f11d50a3a" className="Prueba_Sistema.SIARAlgorithmTest, Prueba_Sistema, Version=1.0.0.0, Culture=neutral, PublicKeyToken=null" name="EST_LAMB_TEMPTest" />
    </UnitTest>
    <UnitTest name="EST_INTER_TEMPTest" storage="e:\tmc\prueba_sistema\bin\debug\prueba_sistema.dll" id="84756d70-b361-fcbc-0f10-6bed897863ea">
      <Execution id="1abda5b1-ae9c-4ffe-aba3-24231dfed68b" />
      <TestMethod codeBase="E:/TMC/Prueba_Sistema/bin/Debug/Prueba_Sistema.DLL" adapterTypeName="Microsoft.VisualStudio.TestTools.TestTypes.Unit.UnitTestAdapter, Microsoft.VisualStudio.QualityTools.Tips.UnitTest.Adapter, Version=10.0.0.0, Culture=neutral, PublicKeyToken=b03f5f7f11d50a3a" className="Prueba_Sistema.SIARAlgorithmTest, Prueba_Sistema, Version=1.0.0.0, Culture=neutral, PublicKeyToken=null" name="EST_INTER_TEMPTest" />
    </UnitTest>
    <UnitTest name="GetDiseñoTest" storage="e:\tmc\prueba_sistema\bin\debug\prueba_sistema.dll" id="ae2c1285-ec23-0ef7-cf6a-763c2331c0dc">
      <Execution id="0b7acfac-c36c-494b-bd1a-979954bcbe97" />
      <TestMethod codeBase="E:/TMC/Prueba_Sistema/bin/Debug/Prueba_Sistema.DLL" adapterTypeName="Microsoft.VisualStudio.TestTools.TestTypes.Unit.UnitTestAdapter, Microsoft.VisualStudio.QualityTools.Tips.UnitTest.Adapter, Version=10.0.0.0, Culture=neutral, PublicKeyToken=b03f5f7f11d50a3a" className="Prueba_Sistema.SIARAlgorithmTest, Prueba_Sistema, Version=1.0.0.0, Culture=neutral, PublicKeyToken=null" name="GetDiseñoTest" />
    </UnitTest>
    <UnitTest name="FlujoCaloricoTest" storage="e:\tmc\prueba_sistema\bin\debug\prueba_sistema.dll" id="d038c8d4-4e44-8b85-6d3e-60f9575d8194">
      <Execution id="49cd4a96-c627-432f-a5d6-46200c6a33cb" />
      <TestMethod codeBase="E:/TMC/Prueba_Sistema/bin/Debug/Prueba_Sistema.DLL" adapterTypeName="Microsoft.VisualStudio.TestTools.TestTypes.Unit.UnitTestAdapter, Microsoft.VisualStudio.QualityTools.Tips.UnitTest.Adapter, Version=10.0.0.0, Culture=neutral, PublicKeyToken=b03f5f7f11d50a3a" className="Prueba_Sistema.SIARAlgorithmTest, Prueba_Sistema, Version=1.0.0.0, Culture=neutral, PublicKeyToken=null" name="FlujoCaloricoTest" />
    </UnitTest>
    <UnitTest name="ClearListTest" storage="e:\tmc\prueba_sistema\bin\debug\prueba_sistema.dll" id="e283fa52-b2bf-6e5e-21a1-5c29357ff1eb">
      <DeploymentItems>
        <DeploymentItem filename="TMC.exe" />
      </DeploymentItems>
      <Execution id="97002e95-e09e-4da4-bc6a-83cad6441804" />
      <TestMethod codeBase="E:/TMC/Prueba_Sistema/bin/Debug/Prueba_Sistema.DLL" adapterTypeName="Microsoft.VisualStudio.TestTools.TestTypes.Unit.UnitTestAdapter, Microsoft.VisualStudio.QualityTools.Tips.UnitTest.Adapter, Version=10.0.0.0, Culture=neutral, PublicKeyToken=b03f5f7f11d50a3a" className="Prueba_Sistema.SIARAlgorithmTest, Prueba_Sistema, Version=1.0.0.0, Culture=neutral, PublicKeyToken=null" name="ClearListTest" />
    </UnitTest>
    <UnitTest name="PerdidaTotalTest" storage="e:\tmc\prueba_sistema\bin\debug\prueba_sistema.dll" id="b1342a16-0c03-ae52-8fb1-87727bd11fe1">
      <Execution id="bec897d9-5d58-4e04-97a2-cdb484295f52" />
      <TestMethod codeBase="E:/TMC/Prueba_Sistema/bin/Debug/Prueba_Sistema.DLL" adapterTypeName="Microsoft.VisualStudio.TestTools.TestTypes.Unit.UnitTestAdapter, Microsoft.VisualStudio.QualityTools.Tips.UnitTest.Adapter, Version=10.0.0.0, Culture=neutral, PublicKeyToken=b03f5f7f11d50a3a" className="Prueba_Sistema.SIARAlgorithmTest, Prueba_Sistema, Version=1.0.0.0, Culture=neutral, PublicKeyToken=null" name="PerdidaTotalTest" />
    </UnitTest>
    <UnitTest name="TestMethod1" storage="e:\tmc\prueba_sistema\bin\debug\prueba_sistema.dll" id="2364cd82-690a-3e37-ca16-ba137da063d6">
      <Execution id="0b18a1d7-8821-4971-b76f-6a2959fd1fbc" />
      <TestMethod codeBase="E:/TMC/Prueba_Sistema/bin/Debug/Prueba_Sistema.DLL" adapterTypeName="Microsoft.VisualStudio.TestTools.TestTypes.Unit.UnitTestAdapter, Microsoft.VisualStudio.QualityTools.Tips.UnitTest.Adapter, Version=10.0.0.0, Culture=neutral, PublicKeyToken=b03f5f7f11d50a3a" className="Prueba_Sistema.UnitTest1, Prueba_Sistema, Version=1.0.0.0, Culture=neutral, PublicKeyToken=null" name="TestMethod1" />
    </UnitTest>
  </TestDefinitions>
  <TestLists>
    <TestList name="Resultados que no están en la lista" id="8c84fa94-04c1-424b-9868-57a2d4851a1d" />
    <TestList name="Todos los resultados cargados" id="19431567-8539-422a-85d7-44ee4e166bda" />
  </TestLists>
  <TestEntries>
    <TestEntry testId="2364cd82-690a-3e37-ca16-ba137da063d6" executionId="0b18a1d7-8821-4971-b76f-6a2959fd1fbc" testListId="8c84fa94-04c1-424b-9868-57a2d4851a1d" />
    <TestEntry testId="e737cb5a-f9b7-f821-5532-44d393d1d635" executionId="969a35e4-189f-4511-b878-273f40fb20a3" testListId="8c84fa94-04c1-424b-9868-57a2d4851a1d" />
    <TestEntry testId="e283fa52-b2bf-6e5e-21a1-5c29357ff1eb" executionId="97002e95-e09e-4da4-bc6a-83cad6441804" testListId="8c84fa94-04c1-424b-9868-57a2d4851a1d" />
    <TestEntry testId="84756d70-b361-fcbc-0f10-6bed897863ea" executionId="1abda5b1-ae9c-4ffe-aba3-24231dfed68b" testListId="8c84fa94-04c1-424b-9868-57a2d4851a1d" />
    <TestEntry testId="d4ddb7ce-2e93-ec97-f3f3-328e6ddff1c3" executionId="620ebcbd-14f2-4f91-badc-556efe2f3c1c" testListId="8c84fa94-04c1-424b-9868-57a2d4851a1d" />
    <TestEntry testId="3f76ec95-7759-d8f2-ecbe-b6d15cf99c2d" executionId="50f996b6-052c-4f6b-a338-90d090bfa8d1" testListId="8c84fa94-04c1-424b-9868-57a2d4851a1d" />
    <TestEntry testId="9b11cded-4a4e-84a5-2c78-8b0746ca8b27" executionId="b91295f8-bc47-4002-9d27-21a7dd6d23c3" testListId="8c84fa94-04c1-424b-9868-57a2d4851a1d" />
    <TestEntry testId="d533369f-ef95-61de-851f-7f14b63c8041" executionId="839f5316-c026-4287-bef1-f824984d979b" testListId="8c84fa94-04c1-424b-9868-57a2d4851a1d" />
    <TestEntry testId="ae2c1285-ec23-0ef7-cf6a-763c2331c0dc" executionId="0b7acfac-c36c-494b-bd1a-979954bcbe97" testListId="8c84fa94-04c1-424b-9868-57a2d4851a1d" />
    <TestEntry testId="e0a21977-e264-8c96-26de-9a335ec7b5cf" executionId="3e0afc7f-ae6c-4aea-820b-665d50fbb8c2" testListId="8c84fa94-04c1-424b-9868-57a2d4851a1d" />
    <TestEntry testId="3156c5d7-187d-6780-f47e-1c4b47dc791e" executionId="3a2bdb94-0da1-4d1b-8486-c125e9ece11e" testListId="8c84fa94-04c1-424b-9868-57a2d4851a1d" />
    <TestEntry testId="8333709e-7c34-8f8f-6d47-225cfe519466" executionId="3e33cc08-cbb6-4a81-831e-5578ffea9cd7" testListId="8c84fa94-04c1-424b-9868-57a2d4851a1d" />
    <TestEntry testId="ce31098b-d9c7-3055-28f3-234dea122832" executionId="07046bb0-fc54-41e6-b37d-fcf9e2668fa0" testListId="8c84fa94-04c1-424b-9868-57a2d4851a1d" />
    <TestEntry testId="60cc0024-8fde-0615-0958-b27db5a00992" executionId="7401899d-0b9d-4b92-93ce-7638538841a8" testListId="8c84fa94-04c1-424b-9868-57a2d4851a1d" />
    <TestEntry testId="d038c8d4-4e44-8b85-6d3e-60f9575d8194" executionId="49cd4a96-c627-432f-a5d6-46200c6a33cb" testListId="8c84fa94-04c1-424b-9868-57a2d4851a1d" />
    <TestEntry testId="2481ccdd-cfc2-da6a-7d5d-bc24b1620a04" executionId="19b90212-72bc-4390-b756-a1faedf6bd3e" testListId="8c84fa94-04c1-424b-9868-57a2d4851a1d" />
    <TestEntry testId="b1342a16-0c03-ae52-8fb1-87727bd11fe1" executionId="bec897d9-5d58-4e04-97a2-cdb484295f52" testListId="8c84fa94-04c1-424b-9868-57a2d4851a1d" />
    <TestEntry testId="891031eb-a5ea-caac-765e-39b3913ed33b" executionId="df9526e3-908a-4e6a-a0b2-42f8eea313eb" testListId="8c84fa94-04c1-424b-9868-57a2d4851a1d" />
    <TestEntry testId="37024a35-286c-2a76-887f-ec372e0eea46" executionId="1d69c4bb-f0f6-409b-b861-21c13b39d444" testListId="8c84fa94-04c1-424b-9868-57a2d4851a1d" />
    <TestEntry testId="d6383652-e0a4-f591-b9f1-9545278b7228" executionId="893a5255-768a-419f-a43e-2fe5da143b19" testListId="8c84fa94-04c1-424b-9868-57a2d4851a1d" />
    <TestEntry testId="f786ff25-5539-a85c-e828-d51f67344fde" executionId="75ec0d9f-37e7-4dde-b91c-8730ea8cc172" testListId="8c84fa94-04c1-424b-9868-57a2d4851a1d" />
    <TestEntry testId="4d91a320-ea14-7cc7-252c-3cc1c7b142e2" executionId="b5a0bc14-597a-4bff-bb4c-b6d8d5f61caf" testListId="8c84fa94-04c1-424b-9868-57a2d4851a1d" />
    <TestEntry testId="50479122-b343-6c21-a99d-5015997c5a49" executionId="30adbcf5-f192-4928-871a-838631a38dfb" testListId="8c84fa94-04c1-424b-9868-57a2d4851a1d" />
    <TestEntry testId="1f0d3872-3d89-ddd7-c26c-88b8cdfaebef" executionId="a506a4e0-12d0-4868-bcf5-dca178bc9cc9" testListId="8c84fa94-04c1-424b-9868-57a2d4851a1d" />
    <TestEntry testId="8ea7a7c4-749e-adde-b50c-45b18523ee91" executionId="b80432b9-7c3c-49e6-964d-54ce1c775f35" testListId="8c84fa94-04c1-424b-9868-57a2d4851a1d" />
  </TestEntries>
  <Results>
    <UnitTestResult executionId="0b18a1d7-8821-4971-b76f-6a2959fd1fbc" testId="2364cd82-690a-3e37-ca16-ba137da063d6" testName="TestMethod1" computerName="YAMILEX" duration="00:00:00.0121771" startTime="2015-10-24T03:33:12.7693752-03:00" endTime="2015-10-24T03:33:13.6474255-03:00" testType="13cdc9d9-ddb5-4fa4-a97d-d965ccfc6d4b" outcome="Passed" testListId="8c84fa94-04c1-424b-9868-57a2d4851a1d" relativeResultsDirectory="0b18a1d7-8821-4971-b76f-6a2959fd1fbc">
    </UnitTestResult>
    <UnitTestResult executionId="969a35e4-189f-4511-b878-273f40fb20a3" testId="e737cb5a-f9b7-f821-5532-44d393d1d635" testName="CompareTest" computerName="YAMILEX" testType="13cdc9d9-ddb5-4fa4-a97d-d965ccfc6d4b" outcome="NotRunnable" testListId="8c84fa94-04c1-424b-9868-57a2d4851a1d" relativeResultsDirectory="969a35e4-189f-4511-b878-273f40fb20a3">
      <Output>
        <ErrorInfo>
          <Message>UTA007: la firma del método CompareTest definido en la clase Prueba_Sistema.SIARAlgorithmTest no es correcta. El método de prueba marcado con el atributo [TestMethod] debe ser no estático, público, no debe devolver ningún valor ni tomar ningún parámetro. Por ejemplo: public void Test.Class1.Test().</Message>
        </ErrorInfo>
      </Output>
    </UnitTestResult>
    <UnitTestResult executionId="97002e95-e09e-4da4-bc6a-83cad6441804" testId="e283fa52-b2bf-6e5e-21a1-5c29357ff1eb" testName="ClearListTest" computerName="YAMILEX" duration="00:01:34.5194062" startTime="2015-10-24T03:33:13.6844276-03:00" endTime="2015-10-24T03:34:48.2038338-03:00" testType="13cdc9d9-ddb5-4fa4-a97d-d965ccfc6d4b" outcome="Aborted" testListId="8c84fa94-04c1-424b-9868-57a2d4851a1d" relativeResultsDirectory="97002e95-e09e-4da4-bc6a-83cad6441804">
    </UnitTestResult>
    <UnitTestResult executionId="1abda5b1-ae9c-4ffe-aba3-24231dfed68b" testId="84756d70-b361-fcbc-0f10-6bed897863ea" testName="EST_INTER_TEMPTest" computerName="YAMILEX" testType="13cdc9d9-ddb5-4fa4-a97d-d965ccfc6d4b" outcome="NotExecuted" testListId="8c84fa94-04c1-424b-9868-57a2d4851a1d" relativeResultsDirectory="1abda5b1-ae9c-4ffe-aba3-24231dfed68b">
    </UnitTestResult>
    <UnitTestResult executionId="620ebcbd-14f2-4f91-badc-556efe2f3c1c" testId="d4ddb7ce-2e93-ec97-f3f3-328e6ddff1c3" testName="EST_LAMB_TEMPTest" computerName="YAMILEX" testType="13cdc9d9-ddb5-4fa4-a97d-d965ccfc6d4b" outcome="NotExecuted" testListId="8c84fa94-04c1-424b-9868-57a2d4851a1d" relativeResultsDirectory="620ebcbd-14f2-4f91-badc-556efe2f3c1c">
    </UnitTestResult>
    <UnitTestResult executionId="50f996b6-052c-4f6b-a338-90d090bfa8d1" testId="3f76ec95-7759-d8f2-ecbe-b6d15cf99c2d" testName="EST_SEG_TEMPTest" computerName="YAMILEX" testType="13cdc9d9-ddb5-4fa4-a97d-d965ccfc6d4b" outcome="NotExecuted" testListId="8c84fa94-04c1-424b-9868-57a2d4851a1d" relativeResultsDirectory="50f996b6-052c-4f6b-a338-90d090bfa8d1">
    </UnitTestResult>
    <UnitTestResult executionId="b91295f8-bc47-4002-9d27-21a7dd6d23c3" testId="9b11cded-4a4e-84a5-2c78-8b0746ca8b27" testName="GetAlphaExternoTest" computerName="YAMILEX" testType="13cdc9d9-ddb5-4fa4-a97d-d965ccfc6d4b" outcome="NotExecuted" testListId="8c84fa94-04c1-424b-9868-57a2d4851a1d" relativeResultsDirectory="b91295f8-bc47-4002-9d27-21a7dd6d23c3">
    </UnitTestResult>
    <UnitTestResult executionId="839f5316-c026-4287-bef1-f824984d979b" testId="d533369f-ef95-61de-851f-7f14b63c8041" testName="GetComposicionTest" computerName="YAMILEX" testType="13cdc9d9-ddb5-4fa4-a97d-d965ccfc6d4b" outcome="NotExecuted" testListId="8c84fa94-04c1-424b-9868-57a2d4851a1d" relativeResultsDirectory="839f5316-c026-4287-bef1-f824984d979b">
    </UnitTestResult>
    <UnitTestResult executionId="0b7acfac-c36c-494b-bd1a-979954bcbe97" testId="ae2c1285-ec23-0ef7-cf6a-763c2331c0dc" testName="GetDiseñoTest" computerName="YAMILEX" testType="13cdc9d9-ddb5-4fa4-a97d-d965ccfc6d4b" outcome="NotExecuted" testListId="8c84fa94-04c1-424b-9868-57a2d4851a1d" relativeResultsDirectory="0b7acfac-c36c-494b-bd1a-979954bcbe97">
    </UnitTestResult>
    <UnitTestResult executionId="3e0afc7f-ae6c-4aea-820b-665d50fbb8c2" testId="e0a21977-e264-8c96-26de-9a335ec7b5cf" testName="GetSpesorTest" computerName="YAMILEX" testType="13cdc9d9-ddb5-4fa4-a97d-d965ccfc6d4b" outcome="NotExecuted" testListId="8c84fa94-04c1-424b-9868-57a2d4851a1d" relativeResultsDirectory="3e0afc7f-ae6c-4aea-820b-665d50fbb8c2">
    </UnitTestResult>
    <UnitTestResult executionId="3a2bdb94-0da1-4d1b-8486-c125e9ece11e" testId="3156c5d7-187d-6780-f47e-1c4b47dc791e" testName="LamdaTest" computerName="YAMILEX" testType="13cdc9d9-ddb5-4fa4-a97d-d965ccfc6d4b" outcome="NotExecuted" testListId="8c84fa94-04c1-424b-9868-57a2d4851a1d" relativeResultsDirectory="3a2bdb94-0da1-4d1b-8486-c125e9ece11e">
    </UnitTestResult>
    <UnitTestResult executionId="3e33cc08-cbb6-4a81-831e-5578ffea9cd7" testId="8333709e-7c34-8f8f-6d47-225cfe519466" testName="SiSParcialTest" computerName="YAMILEX" testType="13cdc9d9-ddb5-4fa4-a97d-d965ccfc6d4b" outcome="NotExecuted" testListId="8c84fa94-04c1-424b-9868-57a2d4851a1d" relativeResultsDirectory="3e33cc08-cbb6-4a81-831e-5578ffea9cd7">
    </UnitTestResult>
    <UnitTestResult executionId="07046bb0-fc54-41e6-b37d-fcf9e2668fa0" testId="ce31098b-d9c7-3055-28f3-234dea122832" testName="CostoTest" computerName="YAMILEX" testType="13cdc9d9-ddb5-4fa4-a97d-d965ccfc6d4b" outcome="NotExecuted" testListId="8c84fa94-04c1-424b-9868-57a2d4851a1d" relativeResultsDirectory="07046bb0-fc54-41e6-b37d-fcf9e2668fa0">
    </UnitTestResult>
    <UnitTestResult executionId="7401899d-0b9d-4b92-93ce-7638538841a8" testId="60cc0024-8fde-0615-0958-b27db5a00992" testName="EspesorTest" computerName="YAMILEX" testType="13cdc9d9-ddb5-4fa4-a97d-d965ccfc6d4b" outcome="NotExecuted" testListId="8c84fa94-04c1-424b-9868-57a2d4851a1d" relativeResultsDirectory="7401899d-0b9d-4b92-93ce-7638538841a8">
    </UnitTestResult>
    <UnitTestResult executionId="49cd4a96-c627-432f-a5d6-46200c6a33cb" testId="d038c8d4-4e44-8b85-6d3e-60f9575d8194" testName="FlujoCaloricoTest" computerName="YAMILEX" testType="13cdc9d9-ddb5-4fa4-a97d-d965ccfc6d4b" outcome="NotExecuted" testListId="8c84fa94-04c1-424b-9868-57a2d4851a1d" relativeResultsDirectory="49cd4a96-c627-432f-a5d6-46200c6a33cb">
    </UnitTestResult>
    <UnitTestResult executionId="19b90212-72bc-4390-b756-a1faedf6bd3e" testId="2481ccdd-cfc2-da6a-7d5d-bc24b1620a04" testName="MaterialesTest" computerName="YAMILEX" testType="13cdc9d9-ddb5-4fa4-a97d-d965ccfc6d4b" outcome="NotExecuted" testListId="8c84fa94-04c1-424b-9868-57a2d4851a1d" relativeResultsDirectory="19b90212-72bc-4390-b756-a1faedf6bd3e">
    </UnitTestResult>
    <UnitTestResult executionId="bec897d9-5d58-4e04-97a2-cdb484295f52" testId="b1342a16-0c03-ae52-8fb1-87727bd11fe1" testName="PerdidaTotalTest" computerName="YAMILEX" testType="13cdc9d9-ddb5-4fa4-a97d-d965ccfc6d4b" outcome="NotExecuted" testListId="8c84fa94-04c1-424b-9868-57a2d4851a1d" relativeResultsDirectory="bec897d9-5d58-4e04-97a2-cdb484295f52">
    </UnitTestResult>
    <UnitTestResult executionId="df9526e3-908a-4e6a-a0b2-42f8eea313eb" testId="891031eb-a5ea-caac-765e-39b3913ed33b" testName="PesoTest" computerName="YAMILEX" testType="13cdc9d9-ddb5-4fa4-a97d-d965ccfc6d4b" outcome="NotExecuted" testListId="8c84fa94-04c1-424b-9868-57a2d4851a1d" relativeResultsDirectory="df9526e3-908a-4e6a-a0b2-42f8eea313eb">
    </UnitTestResult>
    <UnitTestResult executionId="1d69c4bb-f0f6-409b-b861-21c13b39d444" testId="37024a35-286c-2a76-887f-ec372e0eea46" testName="ProjectTest" computerName="YAMILEX" testType="13cdc9d9-ddb5-4fa4-a97d-d965ccfc6d4b" outcome="NotExecuted" testListId="8c84fa94-04c1-424b-9868-57a2d4851a1d" relativeResultsDirectory="1d69c4bb-f0f6-409b-b861-21c13b39d444">
    </UnitTestResult>
    <UnitTestResult executionId="893a5255-768a-419f-a43e-2fe5da143b19" testId="d6383652-e0a4-f591-b9f1-9545278b7228" testName="ProjectObjectTest" computerName="YAMILEX" testType="13cdc9d9-ddb5-4fa4-a97d-d965ccfc6d4b" outcome="NotExecuted" testListId="8c84fa94-04c1-424b-9868-57a2d4851a1d" relativeResultsDirectory="893a5255-768a-419f-a43e-2fe5da143b19">
    </UnitTestResult>
    <UnitTestResult executionId="75ec0d9f-37e7-4dde-b91c-8730ea8cc172" testId="f786ff25-5539-a85c-e828-d51f67344fde" testName="SpesorTest" computerName="YAMILEX" testType="13cdc9d9-ddb5-4fa4-a97d-d965ccfc6d4b" outcome="NotExecuted" testListId="8c84fa94-04c1-424b-9868-57a2d4851a1d" relativeResultsDirectory="75ec0d9f-37e7-4dde-b91c-8730ea8cc172">
    </UnitTestResult>
    <UnitTestResult executionId="b5a0bc14-597a-4bff-bb4c-b6d8d5f61caf" testId="4d91a320-ea14-7cc7-252c-3cc1c7b142e2" testName="TDataSetTest" computerName="YAMILEX" testType="13cdc9d9-ddb5-4fa4-a97d-d965ccfc6d4b" outcome="NotExecuted" testListId="8c84fa94-04c1-424b-9868-57a2d4851a1d" relativeResultsDirectory="b5a0bc14-597a-4bff-bb4c-b6d8d5f61caf">
    </UnitTestResult>
    <UnitTestResult executionId="30adbcf5-f192-4928-871a-838631a38dfb" testId="50479122-b343-6c21-a99d-5015997c5a49" testName="TempExternaTest" computerName="YAMILEX" testType="13cdc9d9-ddb5-4fa4-a97d-d965ccfc6d4b" outcome="NotExecuted" testListId="8c84fa94-04c1-424b-9868-57a2d4851a1d" relativeResultsDirectory="30adbcf5-f192-4928-871a-838631a38dfb">
    </UnitTestResult>
    <UnitTestResult executionId="a506a4e0-12d0-4868-bcf5-dca178bc9cc9" testId="1f0d3872-3d89-ddd7-c26c-88b8cdfaebef" testName="VolumenTest" computerName="YAMILEX" testType="13cdc9d9-ddb5-4fa4-a97d-d965ccfc6d4b" outcome="NotExecuted" testListId="8c84fa94-04c1-424b-9868-57a2d4851a1d" relativeResultsDirectory="a506a4e0-12d0-4868-bcf5-dca178bc9cc9">
    </UnitTestResult>
    <UnitTestResult executionId="b80432b9-7c3c-49e6-964d-54ce1c775f35" testId="8ea7a7c4-749e-adde-b50c-45b18523ee91" testName="SIARAlgorithmConstructorTest" computerName="YAMILEX" testType="13cdc9d9-ddb5-4fa4-a97d-d965ccfc6d4b" outcome="NotExecuted" testListId="8c84fa94-04c1-424b-9868-57a2d4851a1d" relativeResultsDirectory="b80432b9-7c3c-49e6-964d-54ce1c775f35">
    </UnitTestResult>
  </Results>
</TestRun>